The system is: Linux - 3.10.40-gdacac96 - armv7l
Compiling the C compiler identification source file "CMakeCCompilerId.c" succeeded.
Compiler: /usr/bin/cc 
Build flags: 
Id flags: 

The output was:
0


Compilation of the C compiler identification source "CMakeCCompilerId.c" produced "a.out"

The C compiler identification is GNU, found in "/home/ubuntu/repo/DriverlessCarChallenge/jetson/carControl/src/0.3/CMakeFiles/3.2.2/CompilerIdC/a.out"

Compiling the CXX compiler identification source file "CMakeCXXCompilerId.cpp" succeeded.
Compiler: /usr/bin/c++ 
Build flags: 
Id flags: 

The output was:
0


Compilation of the CXX compiler identification source "CMakeCXXCompilerId.cpp" produced "a.out"

The CXX compiler identification is GNU, found in "/home/ubuntu/repo/DriverlessCarChallenge/jetson/carControl/src/0.3/CMakeFiles/3.2.2/CompilerIdCXX/a.out"

Determining if the C compiler works passed with the following output:
Change Dir: /home/ubuntu/repo/DriverlessCarChallenge/jetson/carControl/src/0.3/CMakeFiles/CMakeTmp

Run Build Command:"/usr/bin/make" "cmTryCompileExec480846473/fast"
/usr/bin/make -f CMakeFiles/cmTryCompileExec480846473.dir/build.make CMakeFiles/cmTryCompileExec480846473.dir/build
make[1]: Entering directory `/home/ubuntu/repo/DriverlessCarChallenge/jetson/carControl/src/0.3/CMakeFiles/CMakeTmp'
/usr/bin/cmake -E cmake_progress_report /home/ubuntu/repo/DriverlessCarChallenge/jetson/carControl/src/0.3/CMakeFiles/CMakeTmp/CMakeFiles 1
Building C object CMakeFiles/cmTryCompileExec480846473.dir/testCCompiler.c.o
/usr/bin/cc    -o CMakeFiles/cmTryCompileExec480846473.dir/testCCompiler.c.o   -c /home/ubuntu/repo/DriverlessCarChallenge/jetson/carControl/src/0.3/CMakeFiles/CMakeTmp/testCCompiler.c
Linking C executable cmTryCompileExec480846473
/usr/bin/cmake -E cmake_link_script CMakeFiles/cmTryCompileExec480846473.dir/link.txt --verbose=1
/usr/bin/cc       CMakeFiles/cmTryCompileExec480846473.dir/testCCompiler.c.o  -o cmTryCompileExec480846473 -rdynamic 
make[1]: Leaving directory `/home/ubuntu/repo/DriverlessCarChallenge/jetson/carControl/src/0.3/CMakeFiles/CMakeTmp'


Detecting C compiler ABI info compiled with the following output:
Change Dir: /home/ubuntu/repo/DriverlessCarChallenge/jetson/carControl/src/0.3/CMakeFiles/CMakeTmp

Run Build Command:"/usr/bin/make" "cmTryCompileExec4047422494/fast"
/usr/bin/make -f CMakeFiles/cmTryCompileExec4047422494.dir/build.make CMakeFiles/cmTryCompileExec4047422494.dir/build
make[1]: Entering directory `/home/ubuntu/repo/DriverlessCarChallenge/jetson/carControl/src/0.3/CMakeFiles/CMakeTmp'
/usr/bin/cmake -E cmake_progress_report /home/ubuntu/repo/DriverlessCarChallenge/jetson/carControl/src/0.3/CMakeFiles/CMakeTmp/CMakeFiles 1
Building C object CMakeFiles/cmTryCompileExec4047422494.dir/CMakeCCompilerABI.c.o
/usr/bin/cc    -o CMakeFiles/cmTryCompileExec4047422494.dir/CMakeCCompilerABI.c.o   -c /usr/share/cmake-3.2/Modules/CMakeCCompilerABI.c
Linking C executable cmTryCompileExec4047422494
/usr/bin/cmake -E cmake_link_script CMakeFiles/cmTryCompileExec4047422494.dir/link.txt --verbose=1
/usr/bin/cc      -v CMakeFiles/cmTryCompileExec4047422494.dir/CMakeCCompilerABI.c.o  -o cmTryCompileExec4047422494 -rdynamic  
Using built-in specs.
COLLECT_GCC=/usr/bin/cc
COLLECT_LTO_WRAPPER=/usr/lib/gcc/arm-linux-gnueabihf/4.8/lto-wrapper
Target: arm-linux-gnueabihf
Configured with: ../src/configure -v --with-pkgversion='Ubuntu/Linaro 4.8.4-2ubuntu1~14.04.3' --with-bugurl=file:///usr/share/doc/gcc-4.8/README.Bugs --enable-languages=c,c++,java,go,d,fortran,objc,obj-c++ --prefix=/usr --program-suffix=-4.8 --enable-shared --enable-linker-build-id --libexecdir=/usr/lib --without-included-gettext --enable-threads=posix --with-gxx-include-dir=/usr/include/c++/4.8 --libdir=/usr/lib --enable-nls --with-sysroot=/ --enable-clocale=gnu --enable-libstdcxx-debug --enable-libstdcxx-time=yes --enable-gnu-unique-object --disable-libmudflap --disable-libitm --disable-libquadmath --enable-plugin --with-system-zlib --disable-browser-plugin --enable-java-awt=gtk --enable-gtk-cairo --with-java-home=/usr/lib/jvm/java-1.5.0-gcj-4.8-armhf/jre --enable-java-home --with-jvm-root-dir=/usr/lib/jvm/java-1.5.0-gcj-4.8-armhf --with-jvm-jar-dir=/usr/lib/jvm-exports/java-1.5.0-gcj-4.8-armhf --with-arch-directory=arm --with-ecj-jar=/usr/share/java/eclipse-ecj.jar --enable-objc-gc --enable-multiarch --enable-multilib --disable-sjlj-exceptions --with-arch=armv7-a --with-fpu=vfpv3-d16 --with-float=hard --with-mode=thumb --disable-werror --enable-checking=release --build=arm-linux-gnueabihf --host=arm-linux-gnueabihf --target=arm-linux-gnueabihf
Thread model: posix
gcc version 4.8.4 (Ubuntu/Linaro 4.8.4-2ubuntu1~14.04.3) 
COMPILER_PATH=/usr/lib/gcc/arm-linux-gnueabihf/4.8/:/usr/lib/gcc/arm-linux-gnueabihf/4.8/:/usr/lib/gcc/arm-linux-gnueabihf/:/usr/lib/gcc/arm-linux-gnueabihf/4.8/:/usr/lib/gcc/arm-linux-gnueabihf/
LIBRARY_PATH=/usr/lib/gcc/arm-linux-gnueabihf/4.8/:/usr/lib/gcc/arm-linux-gnueabihf/4.8/../../../arm-linux-gnueabihf/:/usr/lib/gcc/arm-linux-gnueabihf/4.8/../../../../lib/:/lib/arm-linux-gnueabihf/:/lib/../lib/:/usr/lib/arm-linux-gnueabihf/:/usr/lib/../lib/:/usr/lib/gcc/arm-linux-gnueabihf/4.8/../../../:/lib/:/usr/lib/
COLLECT_GCC_OPTIONS='-v' '-o' 'cmTryCompileExec4047422494' '-rdynamic' '-march=armv7-a' '-mfloat-abi=hard' '-mfpu=vfpv3-d16' '-mthumb' '-mtls-dialect=gnu'
 /usr/lib/gcc/arm-linux-gnueabihf/4.8/collect2 --sysroot=/ --build-id --eh-frame-hdr -export-dynamic -dynamic-linker /lib/ld-linux-armhf.so.3 -X --hash-style=gnu --as-needed -m armelf_linux_eabi -z relro -o cmTryCompileExec4047422494 /usr/lib/gcc/arm-linux-gnueabihf/4.8/../../../arm-linux-gnueabihf/crt1.o /usr/lib/gcc/arm-linux-gnueabihf/4.8/../../../arm-linux-gnueabihf/crti.o /usr/lib/gcc/arm-linux-gnueabihf/4.8/crtbegin.o -L/usr/lib/gcc/arm-linux-gnueabihf/4.8 -L/usr/lib/gcc/arm-linux-gnueabihf/4.8/../../../arm-linux-gnueabihf -L/usr/lib/gcc/arm-linux-gnueabihf/4.8/../../../../lib -L/lib/arm-linux-gnueabihf -L/lib/../lib -L/usr/lib/arm-linux-gnueabihf -L/usr/lib/../lib -L/usr/lib/gcc/arm-linux-gnueabihf/4.8/../../.. CMakeFiles/cmTryCompileExec4047422494.dir/CMakeCCompilerABI.c.o -lgcc --as-needed -lgcc_s --no-as-needed -lc -lgcc --as-needed -lgcc_s --no-as-needed /usr/lib/gcc/arm-linux-gnueabihf/4.8/crtend.o /usr/lib/gcc/arm-linux-gnueabihf/4.8/../../../arm-linux-gnueabihf/crtn.o
make[1]: Leaving directory `/home/ubuntu/repo/DriverlessCarChallenge/jetson/carControl/src/0.3/CMakeFiles/CMakeTmp'


Parsed C implicit link information from above output:
  link line regex: [^( *|.*[/\])(ld|([^/\]+-)?ld|collect2)[^/\]*( |$)]
  ignore line: [Change Dir: /home/ubuntu/repo/DriverlessCarChallenge/jetson/carControl/src/0.3/CMakeFiles/CMakeTmp]
  ignore line: []
  ignore line: [Run Build Command:"/usr/bin/make" "cmTryCompileExec4047422494/fast"]
  ignore line: [/usr/bin/make -f CMakeFiles/cmTryCompileExec4047422494.dir/build.make CMakeFiles/cmTryCompileExec4047422494.dir/build]
  ignore line: [make[1]: Entering directory `/home/ubuntu/repo/DriverlessCarChallenge/jetson/carControl/src/0.3/CMakeFiles/CMakeTmp']
  ignore line: [/usr/bin/cmake -E cmake_progress_report /home/ubuntu/repo/DriverlessCarChallenge/jetson/carControl/src/0.3/CMakeFiles/CMakeTmp/CMakeFiles 1]
  ignore line: [Building C object CMakeFiles/cmTryCompileExec4047422494.dir/CMakeCCompilerABI.c.o]
  ignore line: [/usr/bin/cc    -o CMakeFiles/cmTryCompileExec4047422494.dir/CMakeCCompilerABI.c.o   -c /usr/share/cmake-3.2/Modules/CMakeCCompilerABI.c]
  ignore line: [Linking C executable cmTryCompileExec4047422494]
  ignore line: [/usr/bin/cmake -E cmake_link_script CMakeFiles/cmTryCompileExec4047422494.dir/link.txt --verbose=1]
  ignore line: [/usr/bin/cc      -v CMakeFiles/cmTryCompileExec4047422494.dir/CMakeCCompilerABI.c.o  -o cmTryCompileExec4047422494 -rdynamic  ]
  ignore line: [Using built-in specs.]
  ignore line: [COLLECT_GCC=/usr/bin/cc]
  ignore line: [COLLECT_LTO_WRAPPER=/usr/lib/gcc/arm-linux-gnueabihf/4.8/lto-wrapper]
  ignore line: [Target: arm-linux-gnueabihf]
  ignore line: [Configured with: ../src/configure -v --with-pkgversion='Ubuntu/Linaro 4.8.4-2ubuntu1~14.04.3' --with-bugurl=file:///usr/share/doc/gcc-4.8/README.Bugs --enable-languages=c,c++,java,go,d,fortran,objc,obj-c++ --prefix=/usr --program-suffix=-4.8 --enable-shared --enable-linker-build-id --libexecdir=/usr/lib --without-included-gettext --enable-threads=posix --with-gxx-include-dir=/usr/include/c++/4.8 --libdir=/usr/lib --enable-nls --with-sysroot=/ --enable-clocale=gnu --enable-libstdcxx-debug --enable-libstdcxx-time=yes --enable-gnu-unique-object --disable-libmudflap --disable-libitm --disable-libquadmath --enable-plugin --with-system-zlib --disable-browser-plugin --enable-java-awt=gtk --enable-gtk-cairo --with-java-home=/usr/lib/jvm/java-1.5.0-gcj-4.8-armhf/jre --enable-java-home --with-jvm-root-dir=/usr/lib/jvm/java-1.5.0-gcj-4.8-armhf --with-jvm-jar-dir=/usr/lib/jvm-exports/java-1.5.0-gcj-4.8-armhf --with-arch-directory=arm --with-ecj-jar=/usr/share/java/eclipse-ecj.jar --enable-objc-gc --enable-multiarch --enable-multilib --disable-sjlj-exceptions --with-arch=armv7-a --with-fpu=vfpv3-d16 --with-float=hard --with-mode=thumb --disable-werror --enable-checking=release --build=arm-linux-gnueabihf --host=arm-linux-gnueabihf --target=arm-linux-gnueabihf]
  ignore line: [Thread model: posix]
  ignore line: [gcc version 4.8.4 (Ubuntu/Linaro 4.8.4-2ubuntu1~14.04.3) ]
  ignore line: [COMPILER_PATH=/usr/lib/gcc/arm-linux-gnueabihf/4.8/:/usr/lib/gcc/arm-linux-gnueabihf/4.8/:/usr/lib/gcc/arm-linux-gnueabihf/:/usr/lib/gcc/arm-linux-gnueabihf/4.8/:/usr/lib/gcc/arm-linux-gnueabihf/]
  ignore line: [LIBRARY_PATH=/usr/lib/gcc/arm-linux-gnueabihf/4.8/:/usr/lib/gcc/arm-linux-gnueabihf/4.8/../../../arm-linux-gnueabihf/:/usr/lib/gcc/arm-linux-gnueabihf/4.8/../../../../lib/:/lib/arm-linux-gnueabihf/:/lib/../lib/:/usr/lib/arm-linux-gnueabihf/:/usr/lib/../lib/:/usr/lib/gcc/arm-linux-gnueabihf/4.8/../../../:/lib/:/usr/lib/]
  ignore line: [COLLECT_GCC_OPTIONS='-v' '-o' 'cmTryCompileExec4047422494' '-rdynamic' '-march=armv7-a' '-mfloat-abi=hard' '-mfpu=vfpv3-d16' '-mthumb' '-mtls-dialect=gnu']
  link line: [ /usr/lib/gcc/arm-linux-gnueabihf/4.8/collect2 --sysroot=/ --build-id --eh-frame-hdr -export-dynamic -dynamic-linker /lib/ld-linux-armhf.so.3 -X --hash-style=gnu --as-needed -m armelf_linux_eabi -z relro -o cmTryCompileExec4047422494 /usr/lib/gcc/arm-linux-gnueabihf/4.8/../../../arm-linux-gnueabihf/crt1.o /usr/lib/gcc/arm-linux-gnueabihf/4.8/../../../arm-linux-gnueabihf/crti.o /usr/lib/gcc/arm-linux-gnueabihf/4.8/crtbegin.o -L/usr/lib/gcc/arm-linux-gnueabihf/4.8 -L/usr/lib/gcc/arm-linux-gnueabihf/4.8/../../../arm-linux-gnueabihf -L/usr/lib/gcc/arm-linux-gnueabihf/4.8/../../../../lib -L/lib/arm-linux-gnueabihf -L/lib/../lib -L/usr/lib/arm-linux-gnueabihf -L/usr/lib/../lib -L/usr/lib/gcc/arm-linux-gnueabihf/4.8/../../.. CMakeFiles/cmTryCompileExec4047422494.dir/CMakeCCompilerABI.c.o -lgcc --as-needed -lgcc_s --no-as-needed -lc -lgcc --as-needed -lgcc_s --no-as-needed /usr/lib/gcc/arm-linux-gnueabihf/4.8/crtend.o /usr/lib/gcc/arm-linux-gnueabihf/4.8/../../../arm-linux-gnueabihf/crtn.o]
    arg [/usr/lib/gcc/arm-linux-gnueabihf/4.8/collect2] ==> ignore
    arg [--sysroot=/] ==> ignore
    arg [--build-id] ==> ignore
    arg [--eh-frame-hdr] ==> ignore
    arg [-export-dynamic] ==> ignore
    arg [-dynamic-linker] ==> ignore
    arg [/lib/ld-linux-armhf.so.3] ==> ignore
    arg [-X] ==> ignore
    arg [--hash-style=gnu] ==> ignore
    arg [--as-needed] ==> ignore
    arg [-m] ==> ignore
    arg [armelf_linux_eabi] ==> ignore
    arg [-zrelro] ==> ignore
    arg [-o] ==> ignore
    arg [cmTryCompileExec4047422494] ==> ignore
    arg [/usr/lib/gcc/arm-linux-gnueabihf/4.8/../../../arm-linux-gnueabihf/crt1.o] ==> ignore
    arg [/usr/lib/gcc/arm-linux-gnueabihf/4.8/../../../arm-linux-gnueabihf/crti.o] ==> ignore
    arg [/usr/lib/gcc/arm-linux-gnueabihf/4.8/crtbegin.o] ==> ignore
    arg [-L/usr/lib/gcc/arm-linux-gnueabihf/4.8] ==> dir [/usr/lib/gcc/arm-linux-gnueabihf/4.8]
    arg [-L/usr/lib/gcc/arm-linux-gnueabihf/4.8/../../../arm-linux-gnueabihf] ==> dir [/usr/lib/gcc/arm-linux-gnueabihf/4.8/../../../arm-linux-gnueabihf]
    arg [-L/usr/lib/gcc/arm-linux-gnueabihf/4.8/../../../../lib] ==> dir [/usr/lib/gcc/arm-linux-gnueabihf/4.8/../../../../lib]
    arg [-L/lib/arm-linux-gnueabihf] ==> dir [/lib/arm-linux-gnueabihf]
    arg [-L/lib/../lib] ==> dir [/lib/../lib]
    arg [-L/usr/lib/arm-linux-gnueabihf] ==> dir [/usr/lib/arm-linux-gnueabihf]
    arg [-L/usr/lib/../lib] ==> dir [/usr/lib/../lib]
    arg [-L/usr/lib/gcc/arm-linux-gnueabihf/4.8/../../..] ==> dir [/usr/lib/gcc/arm-linux-gnueabihf/4.8/../../..]
    arg [CMakeFiles/cmTryCompileExec4047422494.dir/CMakeCCompilerABI.c.o] ==> ignore
    arg [-lgcc] ==> lib [gcc]
    arg [--as-needed] ==> ignore
    arg [-lgcc_s] ==> lib [gcc_s]
    arg [--no-as-needed] ==> ignore
    arg [-lc] ==> lib [c]
    arg [-lgcc] ==> lib [gcc]
    arg [--as-needed] ==> ignore
    arg [-lgcc_s] ==> lib [gcc_s]
    arg [--no-as-needed] ==> ignore
    arg [/usr/lib/gcc/arm-linux-gnueabihf/4.8/crtend.o] ==> ignore
    arg [/usr/lib/gcc/arm-linux-gnueabihf/4.8/../../../arm-linux-gnueabihf/crtn.o] ==> ignore
  remove lib [gcc]
  remove lib [gcc_s]
  remove lib [gcc]
  remove lib [gcc_s]
  collapse library dir [/usr/lib/gcc/arm-linux-gnueabihf/4.8] ==> [/usr/lib/gcc/arm-linux-gnueabihf/4.8]
  collapse library dir [/usr/lib/gcc/arm-linux-gnueabihf/4.8/../../../arm-linux-gnueabihf] ==> [/usr/lib/arm-linux-gnueabihf]
  collapse library dir [/usr/lib/gcc/arm-linux-gnueabihf/4.8/../../../../lib] ==> [/usr/lib]
  collapse library dir [/lib/arm-linux-gnueabihf] ==> [/lib/arm-linux-gnueabihf]
  collapse library dir [/lib/../lib] ==> [/lib]
  collapse library dir [/usr/lib/arm-linux-gnueabihf] ==> [/usr/lib/arm-linux-gnueabihf]
  collapse library dir [/usr/lib/../lib] ==> [/usr/lib]
  collapse library dir [/usr/lib/gcc/arm-linux-gnueabihf/4.8/../../..] ==> [/usr/lib]
  implicit libs: [c]
  implicit dirs: [/usr/lib/gcc/arm-linux-gnueabihf/4.8;/usr/lib/arm-linux-gnueabihf;/usr/lib;/lib/arm-linux-gnueabihf;/lib]
  implicit fwks: []




Detecting C [-std=c11] compiler features compiled with the following output:
Change Dir: /home/ubuntu/repo/DriverlessCarChallenge/jetson/carControl/src/0.3/CMakeFiles/CMakeTmp

Run Build Command:"/usr/bin/make" "cmTryCompileExec2071603446/fast"
/usr/bin/make -f CMakeFiles/cmTryCompileExec2071603446.dir/build.make CMakeFiles/cmTryCompileExec2071603446.dir/build
make[1]: Entering directory `/home/ubuntu/repo/DriverlessCarChallenge/jetson/carControl/src/0.3/CMakeFiles/CMakeTmp'
/usr/bin/cmake -E cmake_progress_report /home/ubuntu/repo/DriverlessCarChallenge/jetson/carControl/src/0.3/CMakeFiles/CMakeTmp/CMakeFiles 1
Building C object CMakeFiles/cmTryCompileExec2071603446.dir/feature_tests.c.o
/usr/bin/cc   -std=c11 -o CMakeFiles/cmTryCompileExec2071603446.dir/feature_tests.c.o   -c /home/ubuntu/repo/DriverlessCarChallenge/jetson/carControl/src/0.3/CMakeFiles/feature_tests.c
Linking C executable cmTryCompileExec2071603446
/usr/bin/cmake -E cmake_link_script CMakeFiles/cmTryCompileExec2071603446.dir/link.txt --verbose=1
/usr/bin/cc       CMakeFiles/cmTryCompileExec2071603446.dir/feature_tests.c.o  -o cmTryCompileExec2071603446 -rdynamic 
make[1]: Leaving directory `/home/ubuntu/repo/DriverlessCarChallenge/jetson/carControl/src/0.3/CMakeFiles/CMakeTmp'


    Feature record: C_FEATURE:1c_function_prototypes
    Feature record: C_FEATURE:1c_restrict
    Feature record: C_FEATURE:1c_static_assert
    Feature record: C_FEATURE:1c_variadic_macros


Detecting C [-std=c99] compiler features compiled with the following output:
Change Dir: /home/ubuntu/repo/DriverlessCarChallenge/jetson/carControl/src/0.3/CMakeFiles/CMakeTmp

Run Build Command:"/usr/bin/make" "cmTryCompileExec3519093758/fast"
/usr/bin/make -f CMakeFiles/cmTryCompileExec3519093758.dir/build.make CMakeFiles/cmTryCompileExec3519093758.dir/build
make[1]: Entering directory `/home/ubuntu/repo/DriverlessCarChallenge/jetson/carControl/src/0.3/CMakeFiles/CMakeTmp'
/usr/bin/cmake -E cmake_progress_report /home/ubuntu/repo/DriverlessCarChallenge/jetson/carControl/src/0.3/CMakeFiles/CMakeTmp/CMakeFiles 1
Building C object CMakeFiles/cmTryCompileExec3519093758.dir/feature_tests.c.o
/usr/bin/cc   -std=c99 -o CMakeFiles/cmTryCompileExec3519093758.dir/feature_tests.c.o   -c /home/ubuntu/repo/DriverlessCarChallenge/jetson/carControl/src/0.3/CMakeFiles/feature_tests.c
Linking C executable cmTryCompileExec3519093758
/usr/bin/cmake -E cmake_link_script CMakeFiles/cmTryCompileExec3519093758.dir/link.txt --verbose=1
/usr/bin/cc       CMakeFiles/cmTryCompileExec3519093758.dir/feature_tests.c.o  -o cmTryCompileExec3519093758 -rdynamic 
make[1]: Leaving directory `/home/ubuntu/repo/DriverlessCarChallenge/jetson/carControl/src/0.3/CMakeFiles/CMakeTmp'


    Feature record: C_FEATURE:1c_function_prototypes
    Feature record: C_FEATURE:1c_restrict
    Feature record: C_FEATURE:0c_static_assert
    Feature record: C_FEATURE:1c_variadic_macros


Detecting C [-std=c90] compiler features compiled with the following output:
Change Dir: /home/ubuntu/repo/DriverlessCarChallenge/jetson/carControl/src/0.3/CMakeFiles/CMakeTmp

Run Build Command:"/usr/bin/make" "cmTryCompileExec1547053262/fast"
/usr/bin/make -f CMakeFiles/cmTryCompileExec1547053262.dir/build.make CMakeFiles/cmTryCompileExec1547053262.dir/build
make[1]: Entering directory `/home/ubuntu/repo/DriverlessCarChallenge/jetson/carControl/src/0.3/CMakeFiles/CMakeTmp'
/usr/bin/cmake -E cmake_progress_report /home/ubuntu/repo/DriverlessCarChallenge/jetson/carControl/src/0.3/CMakeFiles/CMakeTmp/CMakeFiles 1
Building C object CMakeFiles/cmTryCompileExec1547053262.dir/feature_tests.c.o
/usr/bin/cc   -std=c90 -o CMakeFiles/cmTryCompileExec1547053262.dir/feature_tests.c.o   -c /home/ubuntu/repo/DriverlessCarChallenge/jetson/carControl/src/0.3/CMakeFiles/feature_tests.c
Linking C executable cmTryCompileExec1547053262
/usr/bin/cmake -E cmake_link_script CMakeFiles/cmTryCompileExec1547053262.dir/link.txt --verbose=1
/usr/bin/cc       CMakeFiles/cmTryCompileExec1547053262.dir/feature_tests.c.o  -o cmTryCompileExec1547053262 -rdynamic 
make[1]: Leaving directory `/home/ubuntu/repo/DriverlessCarChallenge/jetson/carControl/src/0.3/CMakeFiles/CMakeTmp'


    Feature record: C_FEATURE:1c_function_prototypes
    Feature record: C_FEATURE:0c_restrict
    Feature record: C_FEATURE:0c_static_assert
    Feature record: C_FEATURE:0c_variadic_macros
Determining if the CXX compiler works passed with the following output:
Change Dir: /home/ubuntu/repo/DriverlessCarChallenge/jetson/carControl/src/0.3/CMakeFiles/CMakeTmp

Run Build Command:"/usr/bin/make" "cmTryCompileExec2402503524/fast"
/usr/bin/make -f CMakeFiles/cmTryCompileExec2402503524.dir/build.make CMakeFiles/cmTryCompileExec2402503524.dir/build
make[1]: Entering directory `/home/ubuntu/repo/DriverlessCarChallenge/jetson/carControl/src/0.3/CMakeFiles/CMakeTmp'
/usr/bin/cmake -E cmake_progress_report /home/ubuntu/repo/DriverlessCarChallenge/jetson/carControl/src/0.3/CMakeFiles/CMakeTmp/CMakeFiles 1
Building CXX object CMakeFiles/cmTryCompileExec2402503524.dir/testCXXCompiler.cxx.o
/usr/bin/c++     -o CMakeFiles/cmTryCompileExec2402503524.dir/testCXXCompiler.cxx.o -c /home/ubuntu/repo/DriverlessCarChallenge/jetson/carControl/src/0.3/CMakeFiles/CMakeTmp/testCXXCompiler.cxx
Linking CXX executable cmTryCompileExec2402503524
/usr/bin/cmake -E cmake_link_script CMakeFiles/cmTryCompileExec2402503524.dir/link.txt --verbose=1
/usr/bin/c++        CMakeFiles/cmTryCompileExec2402503524.dir/testCXXCompiler.cxx.o  -o cmTryCompileExec2402503524 -rdynamic 
make[1]: Leaving directory `/home/ubuntu/repo/DriverlessCarChallenge/jetson/carControl/src/0.3/CMakeFiles/CMakeTmp'


Detecting CXX compiler ABI info compiled with the following output:
Change Dir: /home/ubuntu/repo/DriverlessCarChallenge/jetson/carControl/src/0.3/CMakeFiles/CMakeTmp

Run Build Command:"/usr/bin/make" "cmTryCompileExec2631294648/fast"
/usr/bin/make -f CMakeFiles/cmTryCompileExec2631294648.dir/build.make CMakeFiles/cmTryCompileExec2631294648.dir/build
make[1]: Entering directory `/home/ubuntu/repo/DriverlessCarChallenge/jetson/carControl/src/0.3/CMakeFiles/CMakeTmp'
/usr/bin/cmake -E cmake_progress_report /home/ubuntu/repo/DriverlessCarChallenge/jetson/carControl/src/0.3/CMakeFiles/CMakeTmp/CMakeFiles 1
Building CXX object CMakeFiles/cmTryCompileExec2631294648.dir/CMakeCXXCompilerABI.cpp.o
/usr/bin/c++     -o CMakeFiles/cmTryCompileExec2631294648.dir/CMakeCXXCompilerABI.cpp.o -c /usr/share/cmake-3.2/Modules/CMakeCXXCompilerABI.cpp
Linking CXX executable cmTryCompileExec2631294648
/usr/bin/cmake -E cmake_link_script CMakeFiles/cmTryCompileExec2631294648.dir/link.txt --verbose=1
/usr/bin/c++       -v CMakeFiles/cmTryCompileExec2631294648.dir/CMakeCXXCompilerABI.cpp.o  -o cmTryCompileExec2631294648 -rdynamic  
Using built-in specs.
COLLECT_GCC=/usr/bin/c++
COLLECT_LTO_WRAPPER=/usr/lib/gcc/arm-linux-gnueabihf/4.8/lto-wrapper
Target: arm-linux-gnueabihf
Configured with: ../src/configure -v --with-pkgversion='Ubuntu/Linaro 4.8.4-2ubuntu1~14.04.3' --with-bugurl=file:///usr/share/doc/gcc-4.8/README.Bugs --enable-languages=c,c++,java,go,d,fortran,objc,obj-c++ --prefix=/usr --program-suffix=-4.8 --enable-shared --enable-linker-build-id --libexecdir=/usr/lib --without-included-gettext --enable-threads=posix --with-gxx-include-dir=/usr/include/c++/4.8 --libdir=/usr/lib --enable-nls --with-sysroot=/ --enable-clocale=gnu --enable-libstdcxx-debug --enable-libstdcxx-time=yes --enable-gnu-unique-object --disable-libmudflap --disable-libitm --disable-libquadmath --enable-plugin --with-system-zlib --disable-browser-plugin --enable-java-awt=gtk --enable-gtk-cairo --with-java-home=/usr/lib/jvm/java-1.5.0-gcj-4.8-armhf/jre --enable-java-home --with-jvm-root-dir=/usr/lib/jvm/java-1.5.0-gcj-4.8-armhf --with-jvm-jar-dir=/usr/lib/jvm-exports/java-1.5.0-gcj-4.8-armhf --with-arch-directory=arm --with-ecj-jar=/usr/share/java/eclipse-ecj.jar --enable-objc-gc --enable-multiarch --enable-multilib --disable-sjlj-exceptions --with-arch=armv7-a --with-fpu=vfpv3-d16 --with-float=hard --with-mode=thumb --disable-werror --enable-checking=release --build=arm-linux-gnueabihf --host=arm-linux-gnueabihf --target=arm-linux-gnueabihf
Thread model: posix
gcc version 4.8.4 (Ubuntu/Linaro 4.8.4-2ubuntu1~14.04.3) 
COMPILER_PATH=/usr/lib/gcc/arm-linux-gnueabihf/4.8/:/usr/lib/gcc/arm-linux-gnueabihf/4.8/:/usr/lib/gcc/arm-linux-gnueabihf/:/usr/lib/gcc/arm-linux-gnueabihf/4.8/:/usr/lib/gcc/arm-linux-gnueabihf/
LIBRARY_PATH=/usr/lib/gcc/arm-linux-gnueabihf/4.8/:/usr/lib/gcc/arm-linux-gnueabihf/4.8/../../../arm-linux-gnueabihf/:/usr/lib/gcc/arm-linux-gnueabihf/4.8/../../../../lib/:/lib/arm-linux-gnueabihf/:/lib/../lib/:/usr/lib/arm-linux-gnueabihf/:/usr/lib/../lib/:/usr/lib/gcc/arm-linux-gnueabihf/4.8/../../../:/lib/:/usr/lib/
COLLECT_GCC_OPTIONS='-v' '-o' 'cmTryCompileExec2631294648' '-rdynamic' '-shared-libgcc' '-march=armv7-a' '-mfloat-abi=hard' '-mfpu=vfpv3-d16' '-mthumb' '-mtls-dialect=gnu'
 /usr/lib/gcc/arm-linux-gnueabihf/4.8/collect2 --sysroot=/ --build-id --eh-frame-hdr -export-dynamic -dynamic-linker /lib/ld-linux-armhf.so.3 -X --hash-style=gnu --as-needed -m armelf_linux_eabi -z relro -o cmTryCompileExec2631294648 /usr/lib/gcc/arm-linux-gnueabihf/4.8/../../../arm-linux-gnueabihf/crt1.o /usr/lib/gcc/arm-linux-gnueabihf/4.8/../../../arm-linux-gnueabihf/crti.o /usr/lib/gcc/arm-linux-gnueabihf/4.8/crtbegin.o -L/usr/lib/gcc/arm-linux-gnueabihf/4.8 -L/usr/lib/gcc/arm-linux-gnueabihf/4.8/../../../arm-linux-gnueabihf -L/usr/lib/gcc/arm-linux-gnueabihf/4.8/../../../../lib -L/lib/arm-linux-gnueabihf -L/lib/../lib -L/usr/lib/arm-linux-gnueabihf -L/usr/lib/../lib -L/usr/lib/gcc/arm-linux-gnueabihf/4.8/../../.. CMakeFiles/cmTryCompileExec2631294648.dir/CMakeCXXCompilerABI.cpp.o -lstdc++ -lm -lgcc_s -lgcc -lc -lgcc_s -lgcc /usr/lib/gcc/arm-linux-gnueabihf/4.8/crtend.o /usr/lib/gcc/arm-linux-gnueabihf/4.8/../../../arm-linux-gnueabihf/crtn.o
make[1]: Leaving directory `/home/ubuntu/repo/DriverlessCarChallenge/jetson/carControl/src/0.3/CMakeFiles/CMakeTmp'


Parsed CXX implicit link information from above output:
  link line regex: [^( *|.*[/\])(ld|([^/\]+-)?ld|collect2)[^/\]*( |$)]
  ignore line: [Change Dir: /home/ubuntu/repo/DriverlessCarChallenge/jetson/carControl/src/0.3/CMakeFiles/CMakeTmp]
  ignore line: []
  ignore line: [Run Build Command:"/usr/bin/make" "cmTryCompileExec2631294648/fast"]
  ignore line: [/usr/bin/make -f CMakeFiles/cmTryCompileExec2631294648.dir/build.make CMakeFiles/cmTryCompileExec2631294648.dir/build]
  ignore line: [make[1]: Entering directory `/home/ubuntu/repo/DriverlessCarChallenge/jetson/carControl/src/0.3/CMakeFiles/CMakeTmp']
  ignore line: [/usr/bin/cmake -E cmake_progress_report /home/ubuntu/repo/DriverlessCarChallenge/jetson/carControl/src/0.3/CMakeFiles/CMakeTmp/CMakeFiles 1]
  ignore line: [Building CXX object CMakeFiles/cmTryCompileExec2631294648.dir/CMakeCXXCompilerABI.cpp.o]
  ignore line: [/usr/bin/c++     -o CMakeFiles/cmTryCompileExec2631294648.dir/CMakeCXXCompilerABI.cpp.o -c /usr/share/cmake-3.2/Modules/CMakeCXXCompilerABI.cpp]
  ignore line: [Linking CXX executable cmTryCompileExec2631294648]
  ignore line: [/usr/bin/cmake -E cmake_link_script CMakeFiles/cmTryCompileExec2631294648.dir/link.txt --verbose=1]
  ignore line: [/usr/bin/c++       -v CMakeFiles/cmTryCompileExec2631294648.dir/CMakeCXXCompilerABI.cpp.o  -o cmTryCompileExec2631294648 -rdynamic  ]
  ignore line: [Using built-in specs.]
  ignore line: [COLLECT_GCC=/usr/bin/c++]
  ignore line: [COLLECT_LTO_WRAPPER=/usr/lib/gcc/arm-linux-gnueabihf/4.8/lto-wrapper]
  ignore line: [Target: arm-linux-gnueabihf]
  ignore line: [Configured with: ../src/configure -v --with-pkgversion='Ubuntu/Linaro 4.8.4-2ubuntu1~14.04.3' --with-bugurl=file:///usr/share/doc/gcc-4.8/README.Bugs --enable-languages=c,c++,java,go,d,fortran,objc,obj-c++ --prefix=/usr --program-suffix=-4.8 --enable-shared --enable-linker-build-id --libexecdir=/usr/lib --without-included-gettext --enable-threads=posix --with-gxx-include-dir=/usr/include/c++/4.8 --libdir=/usr/lib --enable-nls --with-sysroot=/ --enable-clocale=gnu --enable-libstdcxx-debug --enable-libstdcxx-time=yes --enable-gnu-unique-object --disable-libmudflap --disable-libitm --disable-libquadmath --enable-plugin --with-system-zlib --disable-browser-plugin --enable-java-awt=gtk --enable-gtk-cairo --with-java-home=/usr/lib/jvm/java-1.5.0-gcj-4.8-armhf/jre --enable-java-home --with-jvm-root-dir=/usr/lib/jvm/java-1.5.0-gcj-4.8-armhf --with-jvm-jar-dir=/usr/lib/jvm-exports/java-1.5.0-gcj-4.8-armhf --with-arch-directory=arm --with-ecj-jar=/usr/share/java/eclipse-ecj.jar --enable-objc-gc --enable-multiarch --enable-multilib --disable-sjlj-exceptions --with-arch=armv7-a --with-fpu=vfpv3-d16 --with-float=hard --with-mode=thumb --disable-werror --enable-checking=release --build=arm-linux-gnueabihf --host=arm-linux-gnueabihf --target=arm-linux-gnueabihf]
  ignore line: [Thread model: posix]
  ignore line: [gcc version 4.8.4 (Ubuntu/Linaro 4.8.4-2ubuntu1~14.04.3) ]
  ignore line: [COMPILER_PATH=/usr/lib/gcc/arm-linux-gnueabihf/4.8/:/usr/lib/gcc/arm-linux-gnueabihf/4.8/:/usr/lib/gcc/arm-linux-gnueabihf/:/usr/lib/gcc/arm-linux-gnueabihf/4.8/:/usr/lib/gcc/arm-linux-gnueabihf/]
  ignore line: [LIBRARY_PATH=/usr/lib/gcc/arm-linux-gnueabihf/4.8/:/usr/lib/gcc/arm-linux-gnueabihf/4.8/../../../arm-linux-gnueabihf/:/usr/lib/gcc/arm-linux-gnueabihf/4.8/../../../../lib/:/lib/arm-linux-gnueabihf/:/lib/../lib/:/usr/lib/arm-linux-gnueabihf/:/usr/lib/../lib/:/usr/lib/gcc/arm-linux-gnueabihf/4.8/../../../:/lib/:/usr/lib/]
  ignore line: [COLLECT_GCC_OPTIONS='-v' '-o' 'cmTryCompileExec2631294648' '-rdynamic' '-shared-libgcc' '-march=armv7-a' '-mfloat-abi=hard' '-mfpu=vfpv3-d16' '-mthumb' '-mtls-dialect=gnu']
  link line: [ /usr/lib/gcc/arm-linux-gnueabihf/4.8/collect2 --sysroot=/ --build-id --eh-frame-hdr -export-dynamic -dynamic-linker /lib/ld-linux-armhf.so.3 -X --hash-style=gnu --as-needed -m armelf_linux_eabi -z relro -o cmTryCompileExec2631294648 /usr/lib/gcc/arm-linux-gnueabihf/4.8/../../../arm-linux-gnueabihf/crt1.o /usr/lib/gcc/arm-linux-gnueabihf/4.8/../../../arm-linux-gnueabihf/crti.o /usr/lib/gcc/arm-linux-gnueabihf/4.8/crtbegin.o -L/usr/lib/gcc/arm-linux-gnueabihf/4.8 -L/usr/lib/gcc/arm-linux-gnueabihf/4.8/../../../arm-linux-gnueabihf -L/usr/lib/gcc/arm-linux-gnueabihf/4.8/../../../../lib -L/lib/arm-linux-gnueabihf -L/lib/../lib -L/usr/lib/arm-linux-gnueabihf -L/usr/lib/../lib -L/usr/lib/gcc/arm-linux-gnueabihf/4.8/../../.. CMakeFiles/cmTryCompileExec2631294648.dir/CMakeCXXCompilerABI.cpp.o -lstdc++ -lm -lgcc_s -lgcc -lc -lgcc_s -lgcc /usr/lib/gcc/arm-linux-gnueabihf/4.8/crtend.o /usr/lib/gcc/arm-linux-gnueabihf/4.8/../../../arm-linux-gnueabihf/crtn.o]
    arg [/usr/lib/gcc/arm-linux-gnueabihf/4.8/collect2] ==> ignore
    arg [--sysroot=/] ==> ignore
    arg [--build-id] ==> ignore
    arg [--eh-frame-hdr] ==> ignore
    arg [-export-dynamic] ==> ignore
    arg [-dynamic-linker] ==> ignore
    arg [/lib/ld-linux-armhf.so.3] ==> ignore
    arg [-X] ==> ignore
    arg [--hash-style=gnu] ==> ignore
    arg [--as-needed] ==> ignore
    arg [-m] ==> ignore
    arg [armelf_linux_eabi] ==> ignore
    arg [-zrelro] ==> ignore
    arg [-o] ==> ignore
    arg [cmTryCompileExec2631294648] ==> ignore
    arg [/usr/lib/gcc/arm-linux-gnueabihf/4.8/../../../arm-linux-gnueabihf/crt1.o] ==> ignore
    arg [/usr/lib/gcc/arm-linux-gnueabihf/4.8/../../../arm-linux-gnueabihf/crti.o] ==> ignore
    arg [/usr/lib/gcc/arm-linux-gnueabihf/4.8/crtbegin.o] ==> ignore
    arg [-L/usr/lib/gcc/arm-linux-gnueabihf/4.8] ==> dir [/usr/lib/gcc/arm-linux-gnueabihf/4.8]
    arg [-L/usr/lib/gcc/arm-linux-gnueabihf/4.8/../../../arm-linux-gnueabihf] ==> dir [/usr/lib/gcc/arm-linux-gnueabihf/4.8/../../../arm-linux-gnueabihf]
    arg [-L/usr/lib/gcc/arm-linux-gnueabihf/4.8/../../../../lib] ==> dir [/usr/lib/gcc/arm-linux-gnueabihf/4.8/../../../../lib]
    arg [-L/lib/arm-linux-gnueabihf] ==> dir [/lib/arm-linux-gnueabihf]
    arg [-L/lib/../lib] ==> dir [/lib/../lib]
    arg [-L/usr/lib/arm-linux-gnueabihf] ==> dir [/usr/lib/arm-linux-gnueabihf]
    arg [-L/usr/lib/../lib] ==> dir [/usr/lib/../lib]
    arg [-L/usr/lib/gcc/arm-linux-gnueabihf/4.8/../../..] ==> dir [/usr/lib/gcc/arm-linux-gnueabihf/4.8/../../..]
    arg [CMakeFiles/cmTryCompileExec2631294648.dir/CMakeCXXCompilerABI.cpp.o] ==> ignore
    arg [-lstdc++] ==> lib [stdc++]
    arg [-lm] ==> lib [m]
    arg [-lgcc_s] ==> lib [gcc_s]
    arg [-lgcc] ==> lib [gcc]
    arg [-lc] ==> lib [c]
    arg [-lgcc_s] ==> lib [gcc_s]
    arg [-lgcc] ==> lib [gcc]
    arg [/usr/lib/gcc/arm-linux-gnueabihf/4.8/crtend.o] ==> ignore
    arg [/usr/lib/gcc/arm-linux-gnueabihf/4.8/../../../arm-linux-gnueabihf/crtn.o] ==> ignore
  remove lib [gcc_s]
  remove lib [gcc]
  remove lib [gcc_s]
  remove lib [gcc]
  collapse library dir [/usr/lib/gcc/arm-linux-gnueabihf/4.8] ==> [/usr/lib/gcc/arm-linux-gnueabihf/4.8]
  collapse library dir [/usr/lib/gcc/arm-linux-gnueabihf/4.8/../../../arm-linux-gnueabihf] ==> [/usr/lib/arm-linux-gnueabihf]
  collapse library dir [/usr/lib/gcc/arm-linux-gnueabihf/4.8/../../../../lib] ==> [/usr/lib]
  collapse library dir [/lib/arm-linux-gnueabihf] ==> [/lib/arm-linux-gnueabihf]
  collapse library dir [/lib/../lib] ==> [/lib]
  collapse library dir [/usr/lib/arm-linux-gnueabihf] ==> [/usr/lib/arm-linux-gnueabihf]
  collapse library dir [/usr/lib/../lib] ==> [/usr/lib]
  collapse library dir [/usr/lib/gcc/arm-linux-gnueabihf/4.8/../../..] ==> [/usr/lib]
  implicit libs: [stdc++;m;c]
  implicit dirs: [/usr/lib/gcc/arm-linux-gnueabihf/4.8;/usr/lib/arm-linux-gnueabihf;/usr/lib;/lib/arm-linux-gnueabihf;/lib]
  implicit fwks: []




Detecting CXX [-std=c++1y] compiler features compiled with the following output:
Change Dir: /home/ubuntu/repo/DriverlessCarChallenge/jetson/carControl/src/0.3/CMakeFiles/CMakeTmp

Run Build Command:"/usr/bin/make" "cmTryCompileExec1295537354/fast"
/usr/bin/make -f CMakeFiles/cmTryCompileExec1295537354.dir/build.make CMakeFiles/cmTryCompileExec1295537354.dir/build
make[1]: Entering directory `/home/ubuntu/repo/DriverlessCarChallenge/jetson/carControl/src/0.3/CMakeFiles/CMakeTmp'
/usr/bin/cmake -E cmake_progress_report /home/ubuntu/repo/DriverlessCarChallenge/jetson/carControl/src/0.3/CMakeFiles/CMakeTmp/CMakeFiles 1
Building CXX object CMakeFiles/cmTryCompileExec1295537354.dir/feature_tests.cxx.o
/usr/bin/c++    -std=c++1y -o CMakeFiles/cmTryCompileExec1295537354.dir/feature_tests.cxx.o -c /home/ubuntu/repo/DriverlessCarChallenge/jetson/carControl/src/0.3/CMakeFiles/feature_tests.cxx
Linking CXX executable cmTryCompileExec1295537354
/usr/bin/cmake -E cmake_link_script CMakeFiles/cmTryCompileExec1295537354.dir/link.txt --verbose=1
/usr/bin/c++        CMakeFiles/cmTryCompileExec1295537354.dir/feature_tests.cxx.o  -o cmTryCompileExec1295537354 -rdynamic 
make[1]: Leaving directory `/home/ubuntu/repo/DriverlessCarChallenge/jetson/carControl/src/0.3/CMakeFiles/CMakeTmp'


    Feature record: CXX_FEATURE:0cxx_aggregate_default_initializers
    Feature record: CXX_FEATURE:1cxx_alias_templates
    Feature record: CXX_FEATURE:1cxx_alignas
    Feature record: CXX_FEATURE:1cxx_alignof
    Feature record: CXX_FEATURE:1cxx_attributes
    Feature record: CXX_FEATURE:0cxx_attribute_deprecated
    Feature record: CXX_FEATURE:1cxx_auto_type
    Feature record: CXX_FEATURE:0cxx_binary_literals
    Feature record: CXX_FEATURE:1cxx_constexpr
    Feature record: CXX_FEATURE:0cxx_contextual_conversions
    Feature record: CXX_FEATURE:1cxx_decltype
    Feature record: CXX_FEATURE:0cxx_decltype_auto
    Feature record: CXX_FEATURE:1cxx_decltype_incomplete_return_types
    Feature record: CXX_FEATURE:1cxx_default_function_template_args
    Feature record: CXX_FEATURE:1cxx_defaulted_functions
    Feature record: CXX_FEATURE:1cxx_defaulted_move_initializers
    Feature record: CXX_FEATURE:1cxx_delegating_constructors
    Feature record: CXX_FEATURE:1cxx_deleted_functions
    Feature record: CXX_FEATURE:0cxx_digit_separators
    Feature record: CXX_FEATURE:1cxx_enum_forward_declarations
    Feature record: CXX_FEATURE:1cxx_explicit_conversions
    Feature record: CXX_FEATURE:1cxx_extended_friend_declarations
    Feature record: CXX_FEATURE:1cxx_extern_templates
    Feature record: CXX_FEATURE:1cxx_final
    Feature record: CXX_FEATURE:1cxx_func_identifier
    Feature record: CXX_FEATURE:1cxx_generalized_initializers
    Feature record: CXX_FEATURE:0cxx_generic_lambdas
    Feature record: CXX_FEATURE:1cxx_inheriting_constructors
    Feature record: CXX_FEATURE:1cxx_inline_namespaces
    Feature record: CXX_FEATURE:1cxx_lambdas
    Feature record: CXX_FEATURE:0cxx_lambda_init_captures
    Feature record: CXX_FEATURE:1cxx_local_type_template_args
    Feature record: CXX_FEATURE:1cxx_long_long_type
    Feature record: CXX_FEATURE:1cxx_noexcept
    Feature record: CXX_FEATURE:1cxx_nonstatic_member_init
    Feature record: CXX_FEATURE:1cxx_nullptr
    Feature record: CXX_FEATURE:1cxx_override
    Feature record: CXX_FEATURE:1cxx_range_for
    Feature record: CXX_FEATURE:1cxx_raw_string_literals
    Feature record: CXX_FEATURE:1cxx_reference_qualified_functions
    Feature record: CXX_FEATURE:0cxx_relaxed_constexpr
    Feature record: CXX_FEATURE:0cxx_return_type_deduction
    Feature record: CXX_FEATURE:1cxx_right_angle_brackets
    Feature record: CXX_FEATURE:1cxx_rvalue_references
    Feature record: CXX_FEATURE:1cxx_sizeof_member
    Feature record: CXX_FEATURE:1cxx_static_assert
    Feature record: CXX_FEATURE:1cxx_strong_enums
    Feature record: CXX_FEATURE:1cxx_template_template_parameters
    Feature record: CXX_FEATURE:1cxx_thread_local
    Feature record: CXX_FEATURE:1cxx_trailing_return_types
    Feature record: CXX_FEATURE:1cxx_unicode_literals
    Feature record: CXX_FEATURE:1cxx_uniform_initialization
    Feature record: CXX_FEATURE:1cxx_unrestricted_unions
    Feature record: CXX_FEATURE:1cxx_user_literals
    Feature record: CXX_FEATURE:0cxx_variable_templates
    Feature record: CXX_FEATURE:1cxx_variadic_macros
    Feature record: CXX_FEATURE:1cxx_variadic_templates


Detecting CXX [-std=c++11] compiler features compiled with the following output:
Change Dir: /home/ubuntu/repo/DriverlessCarChallenge/jetson/carControl/src/0.3/CMakeFiles/CMakeTmp

Run Build Command:"/usr/bin/make" "cmTryCompileExec1607342640/fast"
/usr/bin/make -f CMakeFiles/cmTryCompileExec1607342640.dir/build.make CMakeFiles/cmTryCompileExec1607342640.dir/build
make[1]: Entering directory `/home/ubuntu/repo/DriverlessCarChallenge/jetson/carControl/src/0.3/CMakeFiles/CMakeTmp'
/usr/bin/cmake -E cmake_progress_report /home/ubuntu/repo/DriverlessCarChallenge/jetson/carControl/src/0.3/CMakeFiles/CMakeTmp/CMakeFiles 1
Building CXX object CMakeFiles/cmTryCompileExec1607342640.dir/feature_tests.cxx.o
/usr/bin/c++    -std=c++11 -o CMakeFiles/cmTryCompileExec1607342640.dir/feature_tests.cxx.o -c /home/ubuntu/repo/DriverlessCarChallenge/jetson/carControl/src/0.3/CMakeFiles/feature_tests.cxx
Linking CXX executable cmTryCompileExec1607342640
/usr/bin/cmake -E cmake_link_script CMakeFiles/cmTryCompileExec1607342640.dir/link.txt --verbose=1
/usr/bin/c++        CMakeFiles/cmTryCompileExec1607342640.dir/feature_tests.cxx.o  -o cmTryCompileExec1607342640 -rdynamic 
make[1]: Leaving directory `/home/ubuntu/repo/DriverlessCarChallenge/jetson/carControl/src/0.3/CMakeFiles/CMakeTmp'


    Feature record: CXX_FEATURE:0cxx_aggregate_default_initializers
    Feature record: CXX_FEATURE:1cxx_alias_templates
    Feature record: CXX_FEATURE:1cxx_alignas
    Feature record: CXX_FEATURE:1cxx_alignof
    Feature record: CXX_FEATURE:1cxx_attributes
    Feature record: CXX_FEATURE:0cxx_attribute_deprecated
    Feature record: CXX_FEATURE:1cxx_auto_type
    Feature record: CXX_FEATURE:0cxx_binary_literals
    Feature record: CXX_FEATURE:1cxx_constexpr
    Feature record: CXX_FEATURE:0cxx_contextual_conversions
    Feature record: CXX_FEATURE:1cxx_decltype
    Feature record: CXX_FEATURE:0cxx_decltype_auto
    Feature record: CXX_FEATURE:1cxx_decltype_incomplete_return_types
    Feature record: CXX_FEATURE:1cxx_default_function_template_args
    Feature record: CXX_FEATURE:1cxx_defaulted_functions
    Feature record: CXX_FEATURE:1cxx_defaulted_move_initializers
    Feature record: CXX_FEATURE:1cxx_delegating_constructors
    Feature record: CXX_FEATURE:1cxx_deleted_functions
    Feature record: CXX_FEATURE:0cxx_digit_separators
    Feature record: CXX_FEATURE:1cxx_enum_forward_declarations
    Feature record: CXX_FEATURE:1cxx_explicit_conversions
    Feature record: CXX_FEATURE:1cxx_extended_friend_declarations
    Feature record: CXX_FEATURE:1cxx_extern_templates
    Feature record: CXX_FEATURE:1cxx_final
    Feature record: CXX_FEATURE:1cxx_func_identifier
    Feature record: CXX_FEATURE:1cxx_generalized_initializers
    Feature record: CXX_FEATURE:0cxx_generic_lambdas
    Feature record: CXX_FEATURE:1cxx_inheriting_constructors
    Feature record: CXX_FEATURE:1cxx_inline_namespaces
    Feature record: CXX_FEATURE:1cxx_lambdas
    Feature record: CXX_FEATURE:0cxx_lambda_init_captures
    Feature record: CXX_FEATURE:1cxx_local_type_template_args
    Feature record: CXX_FEATURE:1cxx_long_long_type
    Feature record: CXX_FEATURE:1cxx_noexcept
    Feature record: CXX_FEATURE:1cxx_nonstatic_member_init
    Feature record: CXX_FEATURE:1cxx_nullptr
    Feature record: CXX_FEATURE:1cxx_override
    Feature record: CXX_FEATURE:1cxx_range_for
    Feature record: CXX_FEATURE:1cxx_raw_string_literals
    Feature record: CXX_FEATURE:1cxx_reference_qualified_functions
    Feature record: CXX_FEATURE:0cxx_relaxed_constexpr
    Feature record: CXX_FEATURE:0cxx_return_type_deduction
    Feature record: CXX_FEATURE:1cxx_right_angle_brackets
    Feature record: CXX_FEATURE:1cxx_rvalue_references
    Feature record: CXX_FEATURE:1cxx_sizeof_member
    Feature record: CXX_FEATURE:1cxx_static_assert
    Feature record: CXX_FEATURE:1cxx_strong_enums
    Feature record: CXX_FEATURE:1cxx_template_template_parameters
    Feature record: CXX_FEATURE:1cxx_thread_local
    Feature record: CXX_FEATURE:1cxx_trailing_return_types
    Feature record: CXX_FEATURE:1cxx_unicode_literals
    Feature record: CXX_FEATURE:1cxx_uniform_initialization
    Feature record: CXX_FEATURE:1cxx_unrestricted_unions
    Feature record: CXX_FEATURE:1cxx_user_literals
    Feature record: CXX_FEATURE:0cxx_variable_templates
    Feature record: CXX_FEATURE:1cxx_variadic_macros
    Feature record: CXX_FEATURE:1cxx_variadic_templates


Detecting CXX [-std=c++98] compiler features compiled with the following output:
Change Dir: /home/ubuntu/repo/DriverlessCarChallenge/jetson/carControl/src/0.3/CMakeFiles/CMakeTmp

Run Build Command:"/usr/bin/make" "cmTryCompileExec3230299863/fast"
/usr/bin/make -f CMakeFiles/cmTryCompileExec3230299863.dir/build.make CMakeFiles/cmTryCompileExec3230299863.dir/build
make[1]: Entering directory `/home/ubuntu/repo/DriverlessCarChallenge/jetson/carControl/src/0.3/CMakeFiles/CMakeTmp'
/usr/bin/cmake -E cmake_progress_report /home/ubuntu/repo/DriverlessCarChallenge/jetson/carControl/src/0.3/CMakeFiles/CMakeTmp/CMakeFiles 1
Building CXX object CMakeFiles/cmTryCompileExec3230299863.dir/feature_tests.cxx.o
/usr/bin/c++    -std=c++98 -o CMakeFiles/cmTryCompileExec3230299863.dir/feature_tests.cxx.o -c /home/ubuntu/repo/DriverlessCarChallenge/jetson/carControl/src/0.3/CMakeFiles/feature_tests.cxx
Linking CXX executable cmTryCompileExec3230299863
/usr/bin/cmake -E cmake_link_script CMakeFiles/cmTryCompileExec3230299863.dir/link.txt --verbose=1
/usr/bin/c++        CMakeFiles/cmTryCompileExec3230299863.dir/feature_tests.cxx.o  -o cmTryCompileExec3230299863 -rdynamic 
make[1]: Leaving directory `/home/ubuntu/repo/DriverlessCarChallenge/jetson/carControl/src/0.3/CMakeFiles/CMakeTmp'


    Feature record: CXX_FEATURE:0cxx_aggregate_default_initializers
    Feature record: CXX_FEATURE:0cxx_alias_templates
    Feature record: CXX_FEATURE:0cxx_alignas
    Feature record: CXX_FEATURE:0cxx_alignof
    Feature record: CXX_FEATURE:0cxx_attributes
    Feature record: CXX_FEATURE:0cxx_attribute_deprecated
    Feature record: CXX_FEATURE:0cxx_auto_type
    Feature record: CXX_FEATURE:0cxx_binary_literals
    Feature record: CXX_FEATURE:0cxx_constexpr
    Feature record: CXX_FEATURE:0cxx_contextual_conversions
    Feature record: CXX_FEATURE:0cxx_decltype
    Feature record: CXX_FEATURE:0cxx_decltype_auto
    Feature record: CXX_FEATURE:0cxx_decltype_incomplete_return_types
    Feature record: CXX_FEATURE:0cxx_default_function_template_args
    Feature record: CXX_FEATURE:0cxx_defaulted_functions
    Feature record: CXX_FEATURE:0cxx_defaulted_move_initializers
    Feature record: CXX_FEATURE:0cxx_delegating_constructors
    Feature record: CXX_FEATURE:0cxx_deleted_functions
    Feature record: CXX_FEATURE:0cxx_digit_separators
    Feature record: CXX_FEATURE:0cxx_enum_forward_declarations
    Feature record: CXX_FEATURE:0cxx_explicit_conversions
    Feature record: CXX_FEATURE:0cxx_extended_friend_declarations
    Feature record: CXX_FEATURE:0cxx_extern_templates
    Feature record: CXX_FEATURE:0cxx_final
    Feature record: CXX_FEATURE:0cxx_func_identifier
    Feature record: CXX_FEATURE:0cxx_generalized_initializers
    Feature record: CXX_FEATURE:0cxx_generic_lambdas
    Feature record: CXX_FEATURE:0cxx_inheriting_constructors
    Feature record: CXX_FEATURE:0cxx_inline_namespaces
    Feature record: CXX_FEATURE:0cxx_lambdas
    Feature record: CXX_FEATURE:0cxx_lambda_init_captures
    Feature record: CXX_FEATURE:0cxx_local_type_template_args
    Feature record: CXX_FEATURE:0cxx_long_long_type
    Feature record: CXX_FEATURE:0cxx_noexcept
    Feature record: CXX_FEATURE:0cxx_nonstatic_member_init
    Feature record: CXX_FEATURE:0cxx_nullptr
    Feature record: CXX_FEATURE:0cxx_override
    Feature record: CXX_FEATURE:0cxx_range_for
    Feature record: CXX_FEATURE:0cxx_raw_string_literals
    Feature record: CXX_FEATURE:0cxx_reference_qualified_functions
    Feature record: CXX_FEATURE:0cxx_relaxed_constexpr
    Feature record: CXX_FEATURE:0cxx_return_type_deduction
    Feature record: CXX_FEATURE:0cxx_right_angle_brackets
    Feature record: CXX_FEATURE:0cxx_rvalue_references
    Feature record: CXX_FEATURE:0cxx_sizeof_member
    Feature record: CXX_FEATURE:0cxx_static_assert
    Feature record: CXX_FEATURE:0cxx_strong_enums
    Feature record: CXX_FEATURE:1cxx_template_template_parameters
    Feature record: CXX_FEATURE:0cxx_thread_local
    Feature record: CXX_FEATURE:0cxx_trailing_return_types
    Feature record: CXX_FEATURE:0cxx_unicode_literals
    Feature record: CXX_FEATURE:0cxx_uniform_initialization
    Feature record: CXX_FEATURE:0cxx_unrestricted_unions
    Feature record: CXX_FEATURE:0cxx_user_literals
    Feature record: CXX_FEATURE:0cxx_variable_templates
    Feature record: CXX_FEATURE:0cxx_variadic_macros
    Feature record: CXX_FEATURE:0cxx_variadic_templates
Performing C SOURCE FILE Test OpenMP_FLAG_DETECTED succeded with the following output:
Change Dir: /home/ubuntu/repo/DriverlessCarChallenge/jetson/carControl/src/0.3/CMakeFiles/CMakeTmp

Run Build Command:"/usr/bin/make" "cmTryCompileExec683652487/fast"
/usr/bin/make -f CMakeFiles/cmTryCompileExec683652487.dir/build.make CMakeFiles/cmTryCompileExec683652487.dir/build
make[1]: Entering directory `/home/ubuntu/repo/DriverlessCarChallenge/jetson/carControl/src/0.3/CMakeFiles/CMakeTmp'
/usr/bin/cmake -E cmake_progress_report /home/ubuntu/repo/DriverlessCarChallenge/jetson/carControl/src/0.3/CMakeFiles/CMakeTmp/CMakeFiles 1
Building C object CMakeFiles/cmTryCompileExec683652487.dir/src.c.o
/usr/bin/cc   -DOpenMP_FLAG_DETECTED -fopenmp   -o CMakeFiles/cmTryCompileExec683652487.dir/src.c.o   -c /home/ubuntu/repo/DriverlessCarChallenge/jetson/carControl/src/0.3/CMakeFiles/CMakeTmp/src.c
Linking C executable cmTryCompileExec683652487
/usr/bin/cmake -E cmake_link_script CMakeFiles/cmTryCompileExec683652487.dir/link.txt --verbose=1
/usr/bin/cc   -DOpenMP_FLAG_DETECTED -fopenmp    CMakeFiles/cmTryCompileExec683652487.dir/src.c.o  -o cmTryCompileExec683652487 -rdynamic 
make[1]: Leaving directory `/home/ubuntu/repo/DriverlessCarChallenge/jetson/carControl/src/0.3/CMakeFiles/CMakeTmp'

Source file was:

#include <omp.h>
int main() {
#ifdef _OPENMP
  return 0;
#else
  breaks_on_purpose
#endif
}

Performing C++ SOURCE FILE Test OpenMP_FLAG_DETECTED succeded with the following output:
Change Dir: /home/ubuntu/repo/DriverlessCarChallenge/jetson/carControl/src/0.3/CMakeFiles/CMakeTmp

Run Build Command:"/usr/bin/make" "cmTryCompileExec4048099373/fast"
/usr/bin/make -f CMakeFiles/cmTryCompileExec4048099373.dir/build.make CMakeFiles/cmTryCompileExec4048099373.dir/build
make[1]: Entering directory `/home/ubuntu/repo/DriverlessCarChallenge/jetson/carControl/src/0.3/CMakeFiles/CMakeTmp'
/usr/bin/cmake -E cmake_progress_report /home/ubuntu/repo/DriverlessCarChallenge/jetson/carControl/src/0.3/CMakeFiles/CMakeTmp/CMakeFiles 1
Building CXX object CMakeFiles/cmTryCompileExec4048099373.dir/src.cxx.o
/usr/bin/c++    -DOpenMP_FLAG_DETECTED -fopenmp   -o CMakeFiles/cmTryCompileExec4048099373.dir/src.cxx.o -c /home/ubuntu/repo/DriverlessCarChallenge/jetson/carControl/src/0.3/CMakeFiles/CMakeTmp/src.cxx
Linking CXX executable cmTryCompileExec4048099373
/usr/bin/cmake -E cmake_link_script CMakeFiles/cmTryCompileExec4048099373.dir/link.txt --verbose=1
/usr/bin/c++    -DOpenMP_FLAG_DETECTED -fopenmp    CMakeFiles/cmTryCompileExec4048099373.dir/src.cxx.o  -o cmTryCompileExec4048099373 -rdynamic 
make[1]: Leaving directory `/home/ubuntu/repo/DriverlessCarChallenge/jetson/carControl/src/0.3/CMakeFiles/CMakeTmp'

Source file was:

#include <omp.h>
int main() {
#ifdef _OPENMP
  return 0;
#else
  breaks_on_purpose
#endif
}

Performing C SOURCE FILE Test OpenMP_FLAG_DETECTED succeded with the following output:
Change Dir: /home/ubuntu/repo/DriverlessCarChallenge/jetson/carControl/src/0.3/CMakeFiles/CMakeTmp

Run Build Command:"/usr/bin/make" "cmTryCompileExec4083639482/fast"
/usr/bin/make -f CMakeFiles/cmTryCompileExec4083639482.dir/build.make CMakeFiles/cmTryCompileExec4083639482.dir/build
make[1]: Entering directory `/home/ubuntu/repo/DriverlessCarChallenge/jetson/carControl/src/0.3/CMakeFiles/CMakeTmp'
/usr/bin/cmake -E cmake_progress_report /home/ubuntu/repo/DriverlessCarChallenge/jetson/carControl/src/0.3/CMakeFiles/CMakeTmp/CMakeFiles 1
Building C object CMakeFiles/cmTryCompileExec4083639482.dir/src.c.o
/usr/bin/cc   -DOpenMP_FLAG_DETECTED -fopenmp   -o CMakeFiles/cmTryCompileExec4083639482.dir/src.c.o   -c /home/ubuntu/repo/DriverlessCarChallenge/jetson/carControl/src/0.3/CMakeFiles/CMakeTmp/src.c
Linking C executable cmTryCompileExec4083639482
/usr/bin/cmake -E cmake_link_script CMakeFiles/cmTryCompileExec4083639482.dir/link.txt --verbose=1
/usr/bin/cc   -DOpenMP_FLAG_DETECTED -fopenmp    CMakeFiles/cmTryCompileExec4083639482.dir/src.c.o  -o cmTryCompileExec4083639482 -rdynamic 
make[1]: Leaving directory `/home/ubuntu/repo/DriverlessCarChallenge/jetson/carControl/src/0.3/CMakeFiles/CMakeTmp'

Source file was:

#include <omp.h>
int main() {
#ifdef _OPENMP
  return 0;
#else
  breaks_on_purpose
#endif
}

Performing C++ SOURCE FILE Test OpenMP_FLAG_DETECTED succeded with the following output:
Change Dir: /home/ubuntu/repo/DriverlessCarChallenge/jetson/carControl/src/0.3/CMakeFiles/CMakeTmp

Run Build Command:"/usr/bin/make" "cmTryCompileExec3968453763/fast"
/usr/bin/make -f CMakeFiles/cmTryCompileExec3968453763.dir/build.make CMakeFiles/cmTryCompileExec3968453763.dir/build
make[1]: Entering directory `/home/ubuntu/repo/DriverlessCarChallenge/jetson/carControl/src/0.3/CMakeFiles/CMakeTmp'
/usr/bin/cmake -E cmake_progress_report /home/ubuntu/repo/DriverlessCarChallenge/jetson/carControl/src/0.3/CMakeFiles/CMakeTmp/CMakeFiles 1
Building CXX object CMakeFiles/cmTryCompileExec3968453763.dir/src.cxx.o
/usr/bin/c++    -DOpenMP_FLAG_DETECTED -fopenmp   -o CMakeFiles/cmTryCompileExec3968453763.dir/src.cxx.o -c /home/ubuntu/repo/DriverlessCarChallenge/jetson/carControl/src/0.3/CMakeFiles/CMakeTmp/src.cxx
Linking CXX executable cmTryCompileExec3968453763
/usr/bin/cmake -E cmake_link_script CMakeFiles/cmTryCompileExec3968453763.dir/link.txt --verbose=1
/usr/bin/c++    -DOpenMP_FLAG_DETECTED -fopenmp    CMakeFiles/cmTryCompileExec3968453763.dir/src.cxx.o  -o cmTryCompileExec3968453763 -rdynamic 
make[1]: Leaving directory `/home/ubuntu/repo/DriverlessCarChallenge/jetson/carControl/src/0.3/CMakeFiles/CMakeTmp'

Source file was:

#include <omp.h>
int main() {
#ifdef _OPENMP
  return 0;
#else
  breaks_on_purpose
#endif
}

Performing C SOURCE FILE Test OpenMP_FLAG_DETECTED succeded with the following output:
Change Dir: /home/ubuntu/bkakid/jetson/carControl/src/0.3/CMakeFiles/CMakeTmp

Run Build Command:"/usr/bin/make" "cmTryCompileExec1439086798/fast"
/usr/bin/make -f CMakeFiles/cmTryCompileExec1439086798.dir/build.make CMakeFiles/cmTryCompileExec1439086798.dir/build
make[1]: Entering directory `/home/ubuntu/bkakid/jetson/carControl/src/0.3/CMakeFiles/CMakeTmp'
/usr/bin/cmake -E cmake_progress_report /home/ubuntu/bkakid/jetson/carControl/src/0.3/CMakeFiles/CMakeTmp/CMakeFiles 1
Building C object CMakeFiles/cmTryCompileExec1439086798.dir/src.c.o
/usr/bin/cc   -DOpenMP_FLAG_DETECTED -fopenmp   -o CMakeFiles/cmTryCompileExec1439086798.dir/src.c.o   -c /home/ubuntu/bkakid/jetson/carControl/src/0.3/CMakeFiles/CMakeTmp/src.c
Linking C executable cmTryCompileExec1439086798
/usr/bin/cmake -E cmake_link_script CMakeFiles/cmTryCompileExec1439086798.dir/link.txt --verbose=1
/usr/bin/cc   -DOpenMP_FLAG_DETECTED -fopenmp    CMakeFiles/cmTryCompileExec1439086798.dir/src.c.o  -o cmTryCompileExec1439086798 -rdynamic 
make[1]: Leaving directory `/home/ubuntu/bkakid/jetson/carControl/src/0.3/CMakeFiles/CMakeTmp'

Source file was:

#include <omp.h>
int main() {
#ifdef _OPENMP
  return 0;
#else
  breaks_on_purpose
#endif
}

Performing C++ SOURCE FILE Test OpenMP_FLAG_DETECTED succeded with the following output:
Change Dir: /home/ubuntu/bkakid/jetson/carControl/src/0.3/CMakeFiles/CMakeTmp

Run Build Command:"/usr/bin/make" "cmTryCompileExec2342392247/fast"
/usr/bin/make -f CMakeFiles/cmTryCompileExec2342392247.dir/build.make CMakeFiles/cmTryCompileExec2342392247.dir/build
make[1]: Entering directory `/home/ubuntu/bkakid/jetson/carControl/src/0.3/CMakeFiles/CMakeTmp'
/usr/bin/cmake -E cmake_progress_report /home/ubuntu/bkakid/jetson/carControl/src/0.3/CMakeFiles/CMakeTmp/CMakeFiles 1
Building CXX object CMakeFiles/cmTryCompileExec2342392247.dir/src.cxx.o
/usr/bin/c++    -DOpenMP_FLAG_DETECTED -fopenmp   -o CMakeFiles/cmTryCompileExec2342392247.dir/src.cxx.o -c /home/ubuntu/bkakid/jetson/carControl/src/0.3/CMakeFiles/CMakeTmp/src.cxx
Linking CXX executable cmTryCompileExec2342392247
/usr/bin/cmake -E cmake_link_script CMakeFiles/cmTryCompileExec2342392247.dir/link.txt --verbose=1
/usr/bin/c++    -DOpenMP_FLAG_DETECTED -fopenmp    CMakeFiles/cmTryCompileExec2342392247.dir/src.cxx.o  -o cmTryCompileExec2342392247 -rdynamic 
make[1]: Leaving directory `/home/ubuntu/bkakid/jetson/carControl/src/0.3/CMakeFiles/CMakeTmp'

Source file was:

#include <omp.h>
int main() {
#ifdef _OPENMP
  return 0;
#else
  breaks_on_purpose
#endif
}

Performing C SOURCE FILE Test OpenMP_FLAG_DETECTED succeded with the following output:
Change Dir: /home/ubuntu/bkakid/jetson/carControl/src/0.3/CMakeFiles/CMakeTmp

Run Build Command:"/usr/bin/make" "cmTryCompileExec308665592/fast"
make[1]: Entering directory `/home/ubuntu/bkakid/jetson/carControl/src/0.3/CMakeFiles/CMakeTmp'
/usr/bin/make -f CMakeFiles/cmTryCompileExec308665592.dir/build.make CMakeFiles/cmTryCompileExec308665592.dir/build
make[2]: Entering directory `/home/ubuntu/bkakid/jetson/carControl/src/0.3/CMakeFiles/CMakeTmp'
/usr/bin/cmake -E cmake_progress_report /home/ubuntu/bkakid/jetson/carControl/src/0.3/CMakeFiles/CMakeTmp/CMakeFiles 1
Building C object CMakeFiles/cmTryCompileExec308665592.dir/src.c.o
/usr/bin/cc   -DOpenMP_FLAG_DETECTED -fopenmp   -o CMakeFiles/cmTryCompileExec308665592.dir/src.c.o   -c /home/ubuntu/bkakid/jetson/carControl/src/0.3/CMakeFiles/CMakeTmp/src.c
Linking C executable cmTryCompileExec308665592
/usr/bin/cmake -E cmake_link_script CMakeFiles/cmTryCompileExec308665592.dir/link.txt --verbose=1
/usr/bin/cc   -DOpenMP_FLAG_DETECTED -fopenmp    CMakeFiles/cmTryCompileExec308665592.dir/src.c.o  -o cmTryCompileExec308665592 -rdynamic 
make[2]: Leaving directory `/home/ubuntu/bkakid/jetson/carControl/src/0.3/CMakeFiles/CMakeTmp'
make[1]: Leaving directory `/home/ubuntu/bkakid/jetson/carControl/src/0.3/CMakeFiles/CMakeTmp'

Source file was:

#include <omp.h>
int main() {
#ifdef _OPENMP
  return 0;
#else
  breaks_on_purpose
#endif
}

Performing C++ SOURCE FILE Test OpenMP_FLAG_DETECTED succeded with the following output:
Change Dir: /home/ubuntu/bkakid/jetson/carControl/src/0.3/CMakeFiles/CMakeTmp

Run Build Command:"/usr/bin/make" "cmTryCompileExec1589922118/fast"
make[1]: Entering directory `/home/ubuntu/bkakid/jetson/carControl/src/0.3/CMakeFiles/CMakeTmp'
/usr/bin/make -f CMakeFiles/cmTryCompileExec1589922118.dir/build.make CMakeFiles/cmTryCompileExec1589922118.dir/build
make[2]: Entering directory `/home/ubuntu/bkakid/jetson/carControl/src/0.3/CMakeFiles/CMakeTmp'
/usr/bin/cmake -E cmake_progress_report /home/ubuntu/bkakid/jetson/carControl/src/0.3/CMakeFiles/CMakeTmp/CMakeFiles 1
Building CXX object CMakeFiles/cmTryCompileExec1589922118.dir/src.cxx.o
/usr/bin/c++    -DOpenMP_FLAG_DETECTED -fopenmp   -o CMakeFiles/cmTryCompileExec1589922118.dir/src.cxx.o -c /home/ubuntu/bkakid/jetson/carControl/src/0.3/CMakeFiles/CMakeTmp/src.cxx
Linking CXX executable cmTryCompileExec1589922118
/usr/bin/cmake -E cmake_link_script CMakeFiles/cmTryCompileExec1589922118.dir/link.txt --verbose=1
/usr/bin/c++    -DOpenMP_FLAG_DETECTED -fopenmp    CMakeFiles/cmTryCompileExec1589922118.dir/src.cxx.o  -o cmTryCompileExec1589922118 -rdynamic 
make[2]: Leaving directory `/home/ubuntu/bkakid/jetson/carControl/src/0.3/CMakeFiles/CMakeTmp'
make[1]: Leaving directory `/home/ubuntu/bkakid/jetson/carControl/src/0.3/CMakeFiles/CMakeTmp'

Source file was:

#include <omp.h>
int main() {
#ifdef _OPENMP
  return 0;
#else
  breaks_on_purpose
#endif
}

Performing C SOURCE FILE Test OpenMP_FLAG_DETECTED succeded with the following output:
Change Dir: /home/ubuntu/bkakid/jetson/carControl/src/0.3/CMakeFiles/CMakeTmp

Run Build Command:"/usr/bin/make" "cmTryCompileExec1999900327/fast"
make[1]: Entering directory `/home/ubuntu/bkakid/jetson/carControl/src/0.3/CMakeFiles/CMakeTmp'
/usr/bin/make -f CMakeFiles/cmTryCompileExec1999900327.dir/build.make CMakeFiles/cmTryCompileExec1999900327.dir/build
make[2]: Entering directory `/home/ubuntu/bkakid/jetson/carControl/src/0.3/CMakeFiles/CMakeTmp'
/usr/bin/cmake -E cmake_progress_report /home/ubuntu/bkakid/jetson/carControl/src/0.3/CMakeFiles/CMakeTmp/CMakeFiles 1
Building C object CMakeFiles/cmTryCompileExec1999900327.dir/src.c.o
/usr/bin/cc   -DOpenMP_FLAG_DETECTED -fopenmp   -o CMakeFiles/cmTryCompileExec1999900327.dir/src.c.o   -c /home/ubuntu/bkakid/jetson/carControl/src/0.3/CMakeFiles/CMakeTmp/src.c
Linking C executable cmTryCompileExec1999900327
/usr/bin/cmake -E cmake_link_script CMakeFiles/cmTryCompileExec1999900327.dir/link.txt --verbose=1
/usr/bin/cc   -DOpenMP_FLAG_DETECTED -fopenmp    CMakeFiles/cmTryCompileExec1999900327.dir/src.c.o  -o cmTryCompileExec1999900327 -rdynamic 
make[2]: Leaving directory `/home/ubuntu/bkakid/jetson/carControl/src/0.3/CMakeFiles/CMakeTmp'
make[1]: Leaving directory `/home/ubuntu/bkakid/jetson/carControl/src/0.3/CMakeFiles/CMakeTmp'

Source file was:

#include <omp.h>
int main() {
#ifdef _OPENMP
  return 0;
#else
  breaks_on_purpose
#endif
}

Performing C++ SOURCE FILE Test OpenMP_FLAG_DETECTED succeded with the following output:
Change Dir: /home/ubuntu/bkakid/jetson/carControl/src/0.3/CMakeFiles/CMakeTmp

Run Build Command:"/usr/bin/make" "cmTryCompileExec2517243635/fast"
make[1]: Entering directory `/home/ubuntu/bkakid/jetson/carControl/src/0.3/CMakeFiles/CMakeTmp'
/usr/bin/make -f CMakeFiles/cmTryCompileExec2517243635.dir/build.make CMakeFiles/cmTryCompileExec2517243635.dir/build
make[2]: Entering directory `/home/ubuntu/bkakid/jetson/carControl/src/0.3/CMakeFiles/CMakeTmp'
/usr/bin/cmake -E cmake_progress_report /home/ubuntu/bkakid/jetson/carControl/src/0.3/CMakeFiles/CMakeTmp/CMakeFiles 1
Building CXX object CMakeFiles/cmTryCompileExec2517243635.dir/src.cxx.o
/usr/bin/c++    -DOpenMP_FLAG_DETECTED -fopenmp   -o CMakeFiles/cmTryCompileExec2517243635.dir/src.cxx.o -c /home/ubuntu/bkakid/jetson/carControl/src/0.3/CMakeFiles/CMakeTmp/src.cxx
Linking CXX executable cmTryCompileExec2517243635
/usr/bin/cmake -E cmake_link_script CMakeFiles/cmTryCompileExec2517243635.dir/link.txt --verbose=1
/usr/bin/c++    -DOpenMP_FLAG_DETECTED -fopenmp    CMakeFiles/cmTryCompileExec2517243635.dir/src.cxx.o  -o cmTryCompileExec2517243635 -rdynamic 
make[2]: Leaving directory `/home/ubuntu/bkakid/jetson/carControl/src/0.3/CMakeFiles/CMakeTmp'
make[1]: Leaving directory `/home/ubuntu/bkakid/jetson/carControl/src/0.3/CMakeFiles/CMakeTmp'

Source file was:

#include <omp.h>
int main() {
#ifdef _OPENMP
  return 0;
#else
  breaks_on_purpose
#endif
}

Performing C SOURCE FILE Test OpenMP_FLAG_DETECTED succeded with the following output:
Change Dir: /home/ubuntu/bkakid/jetson/carControl/src/0.3/CMakeFiles/CMakeTmp

Run Build Command:"/usr/bin/make" "cmTryCompileExec1338197717/fast"
/usr/bin/make -f CMakeFiles/cmTryCompileExec1338197717.dir/build.make CMakeFiles/cmTryCompileExec1338197717.dir/build
make[1]: Entering directory `/home/ubuntu/bkakid/jetson/carControl/src/0.3/CMakeFiles/CMakeTmp'
/usr/bin/cmake -E cmake_progress_report /home/ubuntu/bkakid/jetson/carControl/src/0.3/CMakeFiles/CMakeTmp/CMakeFiles 1
Building C object CMakeFiles/cmTryCompileExec1338197717.dir/src.c.o
/usr/bin/cc   -DOpenMP_FLAG_DETECTED -fopenmp   -o CMakeFiles/cmTryCompileExec1338197717.dir/src.c.o   -c /home/ubuntu/bkakid/jetson/carControl/src/0.3/CMakeFiles/CMakeTmp/src.c
Linking C executable cmTryCompileExec1338197717
/usr/bin/cmake -E cmake_link_script CMakeFiles/cmTryCompileExec1338197717.dir/link.txt --verbose=1
/usr/bin/cc   -DOpenMP_FLAG_DETECTED -fopenmp    CMakeFiles/cmTryCompileExec1338197717.dir/src.c.o  -o cmTryCompileExec1338197717 -rdynamic 
make[1]: Leaving directory `/home/ubuntu/bkakid/jetson/carControl/src/0.3/CMakeFiles/CMakeTmp'

Source file was:

#include <omp.h>
int main() {
#ifdef _OPENMP
  return 0;
#else
  breaks_on_purpose
#endif
}

Performing C++ SOURCE FILE Test OpenMP_FLAG_DETECTED succeded with the following output:
Change Dir: /home/ubuntu/bkakid/jetson/carControl/src/0.3/CMakeFiles/CMakeTmp

Run Build Command:"/usr/bin/make" "cmTryCompileExec2174782168/fast"
/usr/bin/make -f CMakeFiles/cmTryCompileExec2174782168.dir/build.make CMakeFiles/cmTryCompileExec2174782168.dir/build
make[1]: Entering directory `/home/ubuntu/bkakid/jetson/carControl/src/0.3/CMakeFiles/CMakeTmp'
/usr/bin/cmake -E cmake_progress_report /home/ubuntu/bkakid/jetson/carControl/src/0.3/CMakeFiles/CMakeTmp/CMakeFiles 1
Building CXX object CMakeFiles/cmTryCompileExec2174782168.dir/src.cxx.o
/usr/bin/c++    -DOpenMP_FLAG_DETECTED -fopenmp   -o CMakeFiles/cmTryCompileExec2174782168.dir/src.cxx.o -c /home/ubuntu/bkakid/jetson/carControl/src/0.3/CMakeFiles/CMakeTmp/src.cxx
Linking CXX executable cmTryCompileExec2174782168
/usr/bin/cmake -E cmake_link_script CMakeFiles/cmTryCompileExec2174782168.dir/link.txt --verbose=1
/usr/bin/c++    -DOpenMP_FLAG_DETECTED -fopenmp    CMakeFiles/cmTryCompileExec2174782168.dir/src.cxx.o  -o cmTryCompileExec2174782168 -rdynamic 
make[1]: Leaving directory `/home/ubuntu/bkakid/jetson/carControl/src/0.3/CMakeFiles/CMakeTmp'

Source file was:

#include <omp.h>
int main() {
#ifdef _OPENMP
  return 0;
#else
  breaks_on_purpose
#endif
}

Performing C SOURCE FILE Test OpenMP_FLAG_DETECTED succeded with the following output:
Change Dir: /home/ubuntu/bkakid/jetson/carControl/src/0.3/CMakeFiles/CMakeTmp

Run Build Command:"/usr/bin/make" "cmTryCompileExec1516358310/fast"
make[1]: Entering directory `/home/ubuntu/bkakid/jetson/carControl/src/0.3/CMakeFiles/CMakeTmp'
/usr/bin/make -f CMakeFiles/cmTryCompileExec1516358310.dir/build.make CMakeFiles/cmTryCompileExec1516358310.dir/build
make[2]: Entering directory `/home/ubuntu/bkakid/jetson/carControl/src/0.3/CMakeFiles/CMakeTmp'
/usr/bin/cmake -E cmake_progress_report /home/ubuntu/bkakid/jetson/carControl/src/0.3/CMakeFiles/CMakeTmp/CMakeFiles 1
Building C object CMakeFiles/cmTryCompileExec1516358310.dir/src.c.o
/usr/bin/cc   -DOpenMP_FLAG_DETECTED -fopenmp   -o CMakeFiles/cmTryCompileExec1516358310.dir/src.c.o   -c /home/ubuntu/bkakid/jetson/carControl/src/0.3/CMakeFiles/CMakeTmp/src.c
Linking C executable cmTryCompileExec1516358310
/usr/bin/cmake -E cmake_link_script CMakeFiles/cmTryCompileExec1516358310.dir/link.txt --verbose=1
/usr/bin/cc   -DOpenMP_FLAG_DETECTED -fopenmp    CMakeFiles/cmTryCompileExec1516358310.dir/src.c.o  -o cmTryCompileExec1516358310 -rdynamic 
make[2]: Leaving directory `/home/ubuntu/bkakid/jetson/carControl/src/0.3/CMakeFiles/CMakeTmp'
make[1]: Leaving directory `/home/ubuntu/bkakid/jetson/carControl/src/0.3/CMakeFiles/CMakeTmp'

Source file was:

#include <omp.h>
int main() {
#ifdef _OPENMP
  return 0;
#else
  breaks_on_purpose
#endif
}

Performing C++ SOURCE FILE Test OpenMP_FLAG_DETECTED succeded with the following output:
Change Dir: /home/ubuntu/bkakid/jetson/carControl/src/0.3/CMakeFiles/CMakeTmp

Run Build Command:"/usr/bin/make" "cmTryCompileExec4237798730/fast"
make[1]: Entering directory `/home/ubuntu/bkakid/jetson/carControl/src/0.3/CMakeFiles/CMakeTmp'
/usr/bin/make -f CMakeFiles/cmTryCompileExec4237798730.dir/build.make CMakeFiles/cmTryCompileExec4237798730.dir/build
make[2]: Entering directory `/home/ubuntu/bkakid/jetson/carControl/src/0.3/CMakeFiles/CMakeTmp'
/usr/bin/cmake -E cmake_progress_report /home/ubuntu/bkakid/jetson/carControl/src/0.3/CMakeFiles/CMakeTmp/CMakeFiles 1
Building CXX object CMakeFiles/cmTryCompileExec4237798730.dir/src.cxx.o
/usr/bin/c++    -DOpenMP_FLAG_DETECTED -fopenmp   -o CMakeFiles/cmTryCompileExec4237798730.dir/src.cxx.o -c /home/ubuntu/bkakid/jetson/carControl/src/0.3/CMakeFiles/CMakeTmp/src.cxx
Linking CXX executable cmTryCompileExec4237798730
/usr/bin/cmake -E cmake_link_script CMakeFiles/cmTryCompileExec4237798730.dir/link.txt --verbose=1
/usr/bin/c++    -DOpenMP_FLAG_DETECTED -fopenmp    CMakeFiles/cmTryCompileExec4237798730.dir/src.cxx.o  -o cmTryCompileExec4237798730 -rdynamic 
make[2]: Leaving directory `/home/ubuntu/bkakid/jetson/carControl/src/0.3/CMakeFiles/CMakeTmp'
make[1]: Leaving directory `/home/ubuntu/bkakid/jetson/carControl/src/0.3/CMakeFiles/CMakeTmp'

Source file was:

#include <omp.h>
int main() {
#ifdef _OPENMP
  return 0;
#else
  breaks_on_purpose
#endif
}

Performing C SOURCE FILE Test OpenMP_FLAG_DETECTED succeded with the following output:
Change Dir: /home/ubuntu/bkakid/jetson/carControl/src/0.3/CMakeFiles/CMakeTmp

Run Build Command:"/usr/bin/make" "cmTryCompileExec1731458211/fast"
/usr/bin/make -f CMakeFiles/cmTryCompileExec1731458211.dir/build.make CMakeFiles/cmTryCompileExec1731458211.dir/build
make[1]: Entering directory `/home/ubuntu/bkakid/jetson/carControl/src/0.3/CMakeFiles/CMakeTmp'
/usr/bin/cmake -E cmake_progress_report /home/ubuntu/bkakid/jetson/carControl/src/0.3/CMakeFiles/CMakeTmp/CMakeFiles 1
Building C object CMakeFiles/cmTryCompileExec1731458211.dir/src.c.o
/usr/bin/cc   -DOpenMP_FLAG_DETECTED -fopenmp   -o CMakeFiles/cmTryCompileExec1731458211.dir/src.c.o   -c /home/ubuntu/bkakid/jetson/carControl/src/0.3/CMakeFiles/CMakeTmp/src.c
Linking C executable cmTryCompileExec1731458211
/usr/bin/cmake -E cmake_link_script CMakeFiles/cmTryCompileExec1731458211.dir/link.txt --verbose=1
/usr/bin/cc   -DOpenMP_FLAG_DETECTED -fopenmp    CMakeFiles/cmTryCompileExec1731458211.dir/src.c.o  -o cmTryCompileExec1731458211 -rdynamic 
make[1]: Leaving directory `/home/ubuntu/bkakid/jetson/carControl/src/0.3/CMakeFiles/CMakeTmp'

Source file was:

#include <omp.h>
int main() {
#ifdef _OPENMP
  return 0;
#else
  breaks_on_purpose
#endif
}

Performing C++ SOURCE FILE Test OpenMP_FLAG_DETECTED succeded with the following output:
Change Dir: /home/ubuntu/bkakid/jetson/carControl/src/0.3/CMakeFiles/CMakeTmp

Run Build Command:"/usr/bin/make" "cmTryCompileExec1509858440/fast"
/usr/bin/make -f CMakeFiles/cmTryCompileExec1509858440.dir/build.make CMakeFiles/cmTryCompileExec1509858440.dir/build
make[1]: Entering directory `/home/ubuntu/bkakid/jetson/carControl/src/0.3/CMakeFiles/CMakeTmp'
/usr/bin/cmake -E cmake_progress_report /home/ubuntu/bkakid/jetson/carControl/src/0.3/CMakeFiles/CMakeTmp/CMakeFiles 1
Building CXX object CMakeFiles/cmTryCompileExec1509858440.dir/src.cxx.o
/usr/bin/c++    -DOpenMP_FLAG_DETECTED -fopenmp   -o CMakeFiles/cmTryCompileExec1509858440.dir/src.cxx.o -c /home/ubuntu/bkakid/jetson/carControl/src/0.3/CMakeFiles/CMakeTmp/src.cxx
Linking CXX executable cmTryCompileExec1509858440
/usr/bin/cmake -E cmake_link_script CMakeFiles/cmTryCompileExec1509858440.dir/link.txt --verbose=1
/usr/bin/c++    -DOpenMP_FLAG_DETECTED -fopenmp    CMakeFiles/cmTryCompileExec1509858440.dir/src.cxx.o  -o cmTryCompileExec1509858440 -rdynamic 
make[1]: Leaving directory `/home/ubuntu/bkakid/jetson/carControl/src/0.3/CMakeFiles/CMakeTmp'

Source file was:

#include <omp.h>
int main() {
#ifdef _OPENMP
  return 0;
#else
  breaks_on_purpose
#endif
}

Performing C SOURCE FILE Test OpenMP_FLAG_DETECTED succeded with the following output:
Change Dir: /home/ubuntu/bkakid/jetson/carControl/src/0.3/CMakeFiles/CMakeTmp

Run Build Command:"/usr/bin/make" "cmTryCompileExec2536270302/fast"
make[1]: Entering directory `/home/ubuntu/bkakid/jetson/carControl/src/0.3/CMakeFiles/CMakeTmp'
/usr/bin/make -f CMakeFiles/cmTryCompileExec2536270302.dir/build.make CMakeFiles/cmTryCompileExec2536270302.dir/build
make[2]: Entering directory `/home/ubuntu/bkakid/jetson/carControl/src/0.3/CMakeFiles/CMakeTmp'
/usr/bin/cmake -E cmake_progress_report /home/ubuntu/bkakid/jetson/carControl/src/0.3/CMakeFiles/CMakeTmp/CMakeFiles 1
Building C object CMakeFiles/cmTryCompileExec2536270302.dir/src.c.o
/usr/bin/cc   -DOpenMP_FLAG_DETECTED -fopenmp   -o CMakeFiles/cmTryCompileExec2536270302.dir/src.c.o   -c /home/ubuntu/bkakid/jetson/carControl/src/0.3/CMakeFiles/CMakeTmp/src.c
Linking C executable cmTryCompileExec2536270302
/usr/bin/cmake -E cmake_link_script CMakeFiles/cmTryCompileExec2536270302.dir/link.txt --verbose=1
/usr/bin/cc   -DOpenMP_FLAG_DETECTED -fopenmp    CMakeFiles/cmTryCompileExec2536270302.dir/src.c.o  -o cmTryCompileExec2536270302 -rdynamic 
make[2]: Leaving directory `/home/ubuntu/bkakid/jetson/carControl/src/0.3/CMakeFiles/CMakeTmp'
make[1]: Leaving directory `/home/ubuntu/bkakid/jetson/carControl/src/0.3/CMakeFiles/CMakeTmp'

Source file was:

#include <omp.h>
int main() {
#ifdef _OPENMP
  return 0;
#else
  breaks_on_purpose
#endif
}

Performing C++ SOURCE FILE Test OpenMP_FLAG_DETECTED succeded with the following output:
Change Dir: /home/ubuntu/bkakid/jetson/carControl/src/0.3/CMakeFiles/CMakeTmp

Run Build Command:"/usr/bin/make" "cmTryCompileExec1622670240/fast"
make[1]: Entering directory `/home/ubuntu/bkakid/jetson/carControl/src/0.3/CMakeFiles/CMakeTmp'
/usr/bin/make -f CMakeFiles/cmTryCompileExec1622670240.dir/build.make CMakeFiles/cmTryCompileExec1622670240.dir/build
make[2]: Entering directory `/home/ubuntu/bkakid/jetson/carControl/src/0.3/CMakeFiles/CMakeTmp'
/usr/bin/cmake -E cmake_progress_report /home/ubuntu/bkakid/jetson/carControl/src/0.3/CMakeFiles/CMakeTmp/CMakeFiles 1
Building CXX object CMakeFiles/cmTryCompileExec1622670240.dir/src.cxx.o
/usr/bin/c++    -DOpenMP_FLAG_DETECTED -fopenmp   -o CMakeFiles/cmTryCompileExec1622670240.dir/src.cxx.o -c /home/ubuntu/bkakid/jetson/carControl/src/0.3/CMakeFiles/CMakeTmp/src.cxx
Linking CXX executable cmTryCompileExec1622670240
/usr/bin/cmake -E cmake_link_script CMakeFiles/cmTryCompileExec1622670240.dir/link.txt --verbose=1
/usr/bin/c++    -DOpenMP_FLAG_DETECTED -fopenmp    CMakeFiles/cmTryCompileExec1622670240.dir/src.cxx.o  -o cmTryCompileExec1622670240 -rdynamic 
make[2]: Leaving directory `/home/ubuntu/bkakid/jetson/carControl/src/0.3/CMakeFiles/CMakeTmp'
make[1]: Leaving directory `/home/ubuntu/bkakid/jetson/carControl/src/0.3/CMakeFiles/CMakeTmp'

Source file was:

#include <omp.h>
int main() {
#ifdef _OPENMP
  return 0;
#else
  breaks_on_purpose
#endif
}

Performing C SOURCE FILE Test OpenMP_FLAG_DETECTED succeded with the following output:
Change Dir: /home/ubuntu/bkakid/jetson/carControl/src/0.3/CMakeFiles/CMakeTmp

Run Build Command:"/usr/bin/make" "cmTryCompileExec4242701712/fast"
/usr/bin/make -f CMakeFiles/cmTryCompileExec4242701712.dir/build.make CMakeFiles/cmTryCompileExec4242701712.dir/build
make[1]: Entering directory `/home/ubuntu/bkakid/jetson/carControl/src/0.3/CMakeFiles/CMakeTmp'
/usr/bin/cmake -E cmake_progress_report /home/ubuntu/bkakid/jetson/carControl/src/0.3/CMakeFiles/CMakeTmp/CMakeFiles 1
Building C object CMakeFiles/cmTryCompileExec4242701712.dir/src.c.o
/usr/bin/cc   -DOpenMP_FLAG_DETECTED -fopenmp   -o CMakeFiles/cmTryCompileExec4242701712.dir/src.c.o   -c /home/ubuntu/bkakid/jetson/carControl/src/0.3/CMakeFiles/CMakeTmp/src.c
Linking C executable cmTryCompileExec4242701712
/usr/bin/cmake -E cmake_link_script CMakeFiles/cmTryCompileExec4242701712.dir/link.txt --verbose=1
/usr/bin/cc   -DOpenMP_FLAG_DETECTED -fopenmp    CMakeFiles/cmTryCompileExec4242701712.dir/src.c.o  -o cmTryCompileExec4242701712 -rdynamic 
make[1]: Leaving directory `/home/ubuntu/bkakid/jetson/carControl/src/0.3/CMakeFiles/CMakeTmp'

Source file was:

#include <omp.h>
int main() {
#ifdef _OPENMP
  return 0;
#else
  breaks_on_purpose
#endif
}

Performing C++ SOURCE FILE Test OpenMP_FLAG_DETECTED succeded with the following output:
Change Dir: /home/ubuntu/bkakid/jetson/carControl/src/0.3/CMakeFiles/CMakeTmp

Run Build Command:"/usr/bin/make" "cmTryCompileExec1099507474/fast"
/usr/bin/make -f CMakeFiles/cmTryCompileExec1099507474.dir/build.make CMakeFiles/cmTryCompileExec1099507474.dir/build
make[1]: Entering directory `/home/ubuntu/bkakid/jetson/carControl/src/0.3/CMakeFiles/CMakeTmp'
/usr/bin/cmake -E cmake_progress_report /home/ubuntu/bkakid/jetson/carControl/src/0.3/CMakeFiles/CMakeTmp/CMakeFiles 1
Building CXX object CMakeFiles/cmTryCompileExec1099507474.dir/src.cxx.o
/usr/bin/c++    -DOpenMP_FLAG_DETECTED -fopenmp   -o CMakeFiles/cmTryCompileExec1099507474.dir/src.cxx.o -c /home/ubuntu/bkakid/jetson/carControl/src/0.3/CMakeFiles/CMakeTmp/src.cxx
Linking CXX executable cmTryCompileExec1099507474
/usr/bin/cmake -E cmake_link_script CMakeFiles/cmTryCompileExec1099507474.dir/link.txt --verbose=1
/usr/bin/c++    -DOpenMP_FLAG_DETECTED -fopenmp    CMakeFiles/cmTryCompileExec1099507474.dir/src.cxx.o  -o cmTryCompileExec1099507474 -rdynamic 
make[1]: Leaving directory `/home/ubuntu/bkakid/jetson/carControl/src/0.3/CMakeFiles/CMakeTmp'

Source file was:

#include <omp.h>
int main() {
#ifdef _OPENMP
  return 0;
#else
  breaks_on_purpose
#endif
}

Performing C SOURCE FILE Test OpenMP_FLAG_DETECTED succeded with the following output:
Change Dir: /home/ubuntu/bkakid/jetson/carControl/src/0.3/CMakeFiles/CMakeTmp

Run Build Command:"/usr/bin/make" "cmTryCompileExec3298888977/fast"
make[1]: Entering directory `/home/ubuntu/bkakid/jetson/carControl/src/0.3/CMakeFiles/CMakeTmp'
/usr/bin/make -f CMakeFiles/cmTryCompileExec3298888977.dir/build.make CMakeFiles/cmTryCompileExec3298888977.dir/build
make[2]: Entering directory `/home/ubuntu/bkakid/jetson/carControl/src/0.3/CMakeFiles/CMakeTmp'
/usr/bin/cmake -E cmake_progress_report /home/ubuntu/bkakid/jetson/carControl/src/0.3/CMakeFiles/CMakeTmp/CMakeFiles 1
Building C object CMakeFiles/cmTryCompileExec3298888977.dir/src.c.o
/usr/bin/cc   -DOpenMP_FLAG_DETECTED -fopenmp   -o CMakeFiles/cmTryCompileExec3298888977.dir/src.c.o   -c /home/ubuntu/bkakid/jetson/carControl/src/0.3/CMakeFiles/CMakeTmp/src.c
Linking C executable cmTryCompileExec3298888977
/usr/bin/cmake -E cmake_link_script CMakeFiles/cmTryCompileExec3298888977.dir/link.txt --verbose=1
/usr/bin/cc   -DOpenMP_FLAG_DETECTED -fopenmp    CMakeFiles/cmTryCompileExec3298888977.dir/src.c.o  -o cmTryCompileExec3298888977 -rdynamic 
make[2]: Leaving directory `/home/ubuntu/bkakid/jetson/carControl/src/0.3/CMakeFiles/CMakeTmp'
make[1]: Leaving directory `/home/ubuntu/bkakid/jetson/carControl/src/0.3/CMakeFiles/CMakeTmp'

Source file was:

#include <omp.h>
int main() {
#ifdef _OPENMP
  return 0;
#else
  breaks_on_purpose
#endif
}

Performing C++ SOURCE FILE Test OpenMP_FLAG_DETECTED succeded with the following output:
Change Dir: /home/ubuntu/bkakid/jetson/carControl/src/0.3/CMakeFiles/CMakeTmp

Run Build Command:"/usr/bin/make" "cmTryCompileExec3980424384/fast"
make[1]: Entering directory `/home/ubuntu/bkakid/jetson/carControl/src/0.3/CMakeFiles/CMakeTmp'
/usr/bin/make -f CMakeFiles/cmTryCompileExec3980424384.dir/build.make CMakeFiles/cmTryCompileExec3980424384.dir/build
make[2]: Entering directory `/home/ubuntu/bkakid/jetson/carControl/src/0.3/CMakeFiles/CMakeTmp'
/usr/bin/cmake -E cmake_progress_report /home/ubuntu/bkakid/jetson/carControl/src/0.3/CMakeFiles/CMakeTmp/CMakeFiles 1
Building CXX object CMakeFiles/cmTryCompileExec3980424384.dir/src.cxx.o
/usr/bin/c++    -DOpenMP_FLAG_DETECTED -fopenmp   -o CMakeFiles/cmTryCompileExec3980424384.dir/src.cxx.o -c /home/ubuntu/bkakid/jetson/carControl/src/0.3/CMakeFiles/CMakeTmp/src.cxx
Linking CXX executable cmTryCompileExec3980424384
/usr/bin/cmake -E cmake_link_script CMakeFiles/cmTryCompileExec3980424384.dir/link.txt --verbose=1
/usr/bin/c++    -DOpenMP_FLAG_DETECTED -fopenmp    CMakeFiles/cmTryCompileExec3980424384.dir/src.cxx.o  -o cmTryCompileExec3980424384 -rdynamic 
make[2]: Leaving directory `/home/ubuntu/bkakid/jetson/carControl/src/0.3/CMakeFiles/CMakeTmp'
make[1]: Leaving directory `/home/ubuntu/bkakid/jetson/carControl/src/0.3/CMakeFiles/CMakeTmp'

Source file was:

#include <omp.h>
int main() {
#ifdef _OPENMP
  return 0;
#else
  breaks_on_purpose
#endif
}

Performing C SOURCE FILE Test OpenMP_FLAG_DETECTED succeded with the following output:
Change Dir: /home/ubuntu/bkakid/jetson/carControl/src/0.3/CMakeFiles/CMakeTmp

Run Build Command:"/usr/bin/make" "cmTryCompileExec765962696/fast"
/usr/bin/make -f CMakeFiles/cmTryCompileExec765962696.dir/build.make CMakeFiles/cmTryCompileExec765962696.dir/build
make[1]: Entering directory `/home/ubuntu/bkakid/jetson/carControl/src/0.3/CMakeFiles/CMakeTmp'
/usr/bin/cmake -E cmake_progress_report /home/ubuntu/bkakid/jetson/carControl/src/0.3/CMakeFiles/CMakeTmp/CMakeFiles 1
Building C object CMakeFiles/cmTryCompileExec765962696.dir/src.c.o
/usr/bin/cc   -DOpenMP_FLAG_DETECTED -fopenmp   -o CMakeFiles/cmTryCompileExec765962696.dir/src.c.o   -c /home/ubuntu/bkakid/jetson/carControl/src/0.3/CMakeFiles/CMakeTmp/src.c
Linking C executable cmTryCompileExec765962696
/usr/bin/cmake -E cmake_link_script CMakeFiles/cmTryCompileExec765962696.dir/link.txt --verbose=1
/usr/bin/cc   -DOpenMP_FLAG_DETECTED -fopenmp    CMakeFiles/cmTryCompileExec765962696.dir/src.c.o  -o cmTryCompileExec765962696 -rdynamic 
make[1]: Leaving directory `/home/ubuntu/bkakid/jetson/carControl/src/0.3/CMakeFiles/CMakeTmp'

Source file was:

#include <omp.h>
int main() {
#ifdef _OPENMP
  return 0;
#else
  breaks_on_purpose
#endif
}

Performing C++ SOURCE FILE Test OpenMP_FLAG_DETECTED succeded with the following output:
Change Dir: /home/ubuntu/bkakid/jetson/carControl/src/0.3/CMakeFiles/CMakeTmp

Run Build Command:"/usr/bin/make" "cmTryCompileExec2417306664/fast"
/usr/bin/make -f CMakeFiles/cmTryCompileExec2417306664.dir/build.make CMakeFiles/cmTryCompileExec2417306664.dir/build
make[1]: Entering directory `/home/ubuntu/bkakid/jetson/carControl/src/0.3/CMakeFiles/CMakeTmp'
/usr/bin/cmake -E cmake_progress_report /home/ubuntu/bkakid/jetson/carControl/src/0.3/CMakeFiles/CMakeTmp/CMakeFiles 1
Building CXX object CMakeFiles/cmTryCompileExec2417306664.dir/src.cxx.o
/usr/bin/c++    -DOpenMP_FLAG_DETECTED -fopenmp   -o CMakeFiles/cmTryCompileExec2417306664.dir/src.cxx.o -c /home/ubuntu/bkakid/jetson/carControl/src/0.3/CMakeFiles/CMakeTmp/src.cxx
Linking CXX executable cmTryCompileExec2417306664
/usr/bin/cmake -E cmake_link_script CMakeFiles/cmTryCompileExec2417306664.dir/link.txt --verbose=1
/usr/bin/c++    -DOpenMP_FLAG_DETECTED -fopenmp    CMakeFiles/cmTryCompileExec2417306664.dir/src.cxx.o  -o cmTryCompileExec2417306664 -rdynamic 
make[1]: Leaving directory `/home/ubuntu/bkakid/jetson/carControl/src/0.3/CMakeFiles/CMakeTmp'

Source file was:

#include <omp.h>
int main() {
#ifdef _OPENMP
  return 0;
#else
  breaks_on_purpose
#endif
}

Performing C SOURCE FILE Test OpenMP_FLAG_DETECTED succeded with the following output:
Change Dir: /home/ubuntu/bkakid/jetson/carControl/src/0.3/CMakeFiles/CMakeTmp

Run Build Command:"/usr/bin/make" "cmTryCompileExec2588959264/fast"
make[1]: Entering directory `/home/ubuntu/bkakid/jetson/carControl/src/0.3/CMakeFiles/CMakeTmp'
/usr/bin/make -f CMakeFiles/cmTryCompileExec2588959264.dir/build.make CMakeFiles/cmTryCompileExec2588959264.dir/build
make[2]: Entering directory `/home/ubuntu/bkakid/jetson/carControl/src/0.3/CMakeFiles/CMakeTmp'
/usr/bin/cmake -E cmake_progress_report /home/ubuntu/bkakid/jetson/carControl/src/0.3/CMakeFiles/CMakeTmp/CMakeFiles 1
Building C object CMakeFiles/cmTryCompileExec2588959264.dir/src.c.o
/usr/bin/cc   -DOpenMP_FLAG_DETECTED -fopenmp   -o CMakeFiles/cmTryCompileExec2588959264.dir/src.c.o   -c /home/ubuntu/bkakid/jetson/carControl/src/0.3/CMakeFiles/CMakeTmp/src.c
Linking C executable cmTryCompileExec2588959264
/usr/bin/cmake -E cmake_link_script CMakeFiles/cmTryCompileExec2588959264.dir/link.txt --verbose=1
/usr/bin/cc   -DOpenMP_FLAG_DETECTED -fopenmp    CMakeFiles/cmTryCompileExec2588959264.dir/src.c.o  -o cmTryCompileExec2588959264 -rdynamic 
make[2]: Leaving directory `/home/ubuntu/bkakid/jetson/carControl/src/0.3/CMakeFiles/CMakeTmp'
make[1]: Leaving directory `/home/ubuntu/bkakid/jetson/carControl/src/0.3/CMakeFiles/CMakeTmp'

Source file was:

#include <omp.h>
int main() {
#ifdef _OPENMP
  return 0;
#else
  breaks_on_purpose
#endif
}

Performing C++ SOURCE FILE Test OpenMP_FLAG_DETECTED succeded with the following output:
Change Dir: /home/ubuntu/bkakid/jetson/carControl/src/0.3/CMakeFiles/CMakeTmp

Run Build Command:"/usr/bin/make" "cmTryCompileExec3991499519/fast"
make[1]: Entering directory `/home/ubuntu/bkakid/jetson/carControl/src/0.3/CMakeFiles/CMakeTmp'
/usr/bin/make -f CMakeFiles/cmTryCompileExec3991499519.dir/build.make CMakeFiles/cmTryCompileExec3991499519.dir/build
make[2]: Entering directory `/home/ubuntu/bkakid/jetson/carControl/src/0.3/CMakeFiles/CMakeTmp'
/usr/bin/cmake -E cmake_progress_report /home/ubuntu/bkakid/jetson/carControl/src/0.3/CMakeFiles/CMakeTmp/CMakeFiles 1
Building CXX object CMakeFiles/cmTryCompileExec3991499519.dir/src.cxx.o
/usr/bin/c++    -DOpenMP_FLAG_DETECTED -fopenmp   -o CMakeFiles/cmTryCompileExec3991499519.dir/src.cxx.o -c /home/ubuntu/bkakid/jetson/carControl/src/0.3/CMakeFiles/CMakeTmp/src.cxx
Linking CXX executable cmTryCompileExec3991499519
/usr/bin/cmake -E cmake_link_script CMakeFiles/cmTryCompileExec3991499519.dir/link.txt --verbose=1
/usr/bin/c++    -DOpenMP_FLAG_DETECTED -fopenmp    CMakeFiles/cmTryCompileExec3991499519.dir/src.cxx.o  -o cmTryCompileExec3991499519 -rdynamic 
make[2]: Leaving directory `/home/ubuntu/bkakid/jetson/carControl/src/0.3/CMakeFiles/CMakeTmp'
make[1]: Leaving directory `/home/ubuntu/bkakid/jetson/carControl/src/0.3/CMakeFiles/CMakeTmp'

Source file was:

#include <omp.h>
int main() {
#ifdef _OPENMP
  return 0;
#else
  breaks_on_purpose
#endif
}

Performing C SOURCE FILE Test OpenMP_FLAG_DETECTED succeded with the following output:
Change Dir: /home/ubuntu/bkakid/jetson/carControl/src/0.3/CMakeFiles/CMakeTmp

Run Build Command:"/usr/bin/make" "cmTryCompileExec205291366/fast"
make[1]: Entering directory `/home/ubuntu/bkakid/jetson/carControl/src/0.3/CMakeFiles/CMakeTmp'
/usr/bin/make -f CMakeFiles/cmTryCompileExec205291366.dir/build.make CMakeFiles/cmTryCompileExec205291366.dir/build
make[2]: Entering directory `/home/ubuntu/bkakid/jetson/carControl/src/0.3/CMakeFiles/CMakeTmp'
/usr/bin/cmake -E cmake_progress_report /home/ubuntu/bkakid/jetson/carControl/src/0.3/CMakeFiles/CMakeTmp/CMakeFiles 1
Building C object CMakeFiles/cmTryCompileExec205291366.dir/src.c.o
/usr/bin/cc   -DOpenMP_FLAG_DETECTED -fopenmp   -o CMakeFiles/cmTryCompileExec205291366.dir/src.c.o   -c /home/ubuntu/bkakid/jetson/carControl/src/0.3/CMakeFiles/CMakeTmp/src.c
Linking C executable cmTryCompileExec205291366
/usr/bin/cmake -E cmake_link_script CMakeFiles/cmTryCompileExec205291366.dir/link.txt --verbose=1
/usr/bin/cc   -DOpenMP_FLAG_DETECTED -fopenmp    CMakeFiles/cmTryCompileExec205291366.dir/src.c.o  -o cmTryCompileExec205291366 -rdynamic 
make[2]: Leaving directory `/home/ubuntu/bkakid/jetson/carControl/src/0.3/CMakeFiles/CMakeTmp'
make[1]: Leaving directory `/home/ubuntu/bkakid/jetson/carControl/src/0.3/CMakeFiles/CMakeTmp'

Source file was:

#include <omp.h>
int main() {
#ifdef _OPENMP
  return 0;
#else
  breaks_on_purpose
#endif
}

Performing C++ SOURCE FILE Test OpenMP_FLAG_DETECTED succeded with the following output:
Change Dir: /home/ubuntu/bkakid/jetson/carControl/src/0.3/CMakeFiles/CMakeTmp

Run Build Command:"/usr/bin/make" "cmTryCompileExec1696988527/fast"
make[1]: Entering directory `/home/ubuntu/bkakid/jetson/carControl/src/0.3/CMakeFiles/CMakeTmp'
/usr/bin/make -f CMakeFiles/cmTryCompileExec1696988527.dir/build.make CMakeFiles/cmTryCompileExec1696988527.dir/build
make[2]: Entering directory `/home/ubuntu/bkakid/jetson/carControl/src/0.3/CMakeFiles/CMakeTmp'
/usr/bin/cmake -E cmake_progress_report /home/ubuntu/bkakid/jetson/carControl/src/0.3/CMakeFiles/CMakeTmp/CMakeFiles 1
Building CXX object CMakeFiles/cmTryCompileExec1696988527.dir/src.cxx.o
/usr/bin/c++    -DOpenMP_FLAG_DETECTED -fopenmp   -o CMakeFiles/cmTryCompileExec1696988527.dir/src.cxx.o -c /home/ubuntu/bkakid/jetson/carControl/src/0.3/CMakeFiles/CMakeTmp/src.cxx
Linking CXX executable cmTryCompileExec1696988527
/usr/bin/cmake -E cmake_link_script CMakeFiles/cmTryCompileExec1696988527.dir/link.txt --verbose=1
/usr/bin/c++    -DOpenMP_FLAG_DETECTED -fopenmp    CMakeFiles/cmTryCompileExec1696988527.dir/src.cxx.o  -o cmTryCompileExec1696988527 -rdynamic 
make[2]: Leaving directory `/home/ubuntu/bkakid/jetson/carControl/src/0.3/CMakeFiles/CMakeTmp'
make[1]: Leaving directory `/home/ubuntu/bkakid/jetson/carControl/src/0.3/CMakeFiles/CMakeTmp'

Source file was:

#include <omp.h>
int main() {
#ifdef _OPENMP
  return 0;
#else
  breaks_on_purpose
#endif
}

